{"/home/travis/build/npmtest/node-npmtest-json-2-csv/test.js":{"path":"/home/travis/build/npmtest/node-npmtest-json-2-csv/test.js","s":{"1":2,"2":2,"3":2,"4":2,"5":2,"6":2,"7":2,"8":1,"9":2,"10":2,"11":1,"12":1,"13":1,"14":1,"15":2,"16":2,"17":2,"18":2,"19":1,"20":1,"21":2,"22":2,"23":2,"24":1,"25":1,"26":1,"27":1,"28":1,"29":1,"30":1,"31":1,"32":1,"33":1,"34":1,"35":1,"36":1,"37":1,"38":1,"39":2,"40":2,"41":1,"42":2,"43":2,"44":1,"45":2,"46":2,"47":1,"48":2,"49":2,"50":1,"51":1,"52":1,"53":1,"54":1},"b":{"1":[2,1,1,1],"2":[1,1,1,1],"3":[1,1],"4":[1,1],"5":[1,1],"6":[1,1],"7":[1,1],"8":[1,1],"9":[1,1],"10":[1,1,1],"11":[1,1],"12":[1,1],"13":[1,1],"14":[1,1],"15":[1,1],"16":[1,1],"17":[1,1]},"f":{"1":2,"2":2,"3":2,"4":2,"5":2,"6":1,"7":1,"8":1,"9":2,"10":2,"11":2,"12":2,"13":1},"fnMap":{"1":{"name":"(anonymous_1)","line":12,"loc":{"start":{"line":12,"column":1},"end":{"line":12,"column":13}}},"2":{"name":"(anonymous_2)","line":19,"loc":{"start":{"line":19,"column":5},"end":{"line":19,"column":17}}},"3":{"name":"(anonymous_3)","line":23,"loc":{"start":{"line":23,"column":24},"end":{"line":23,"column":36}}},"4":{"name":"(anonymous_4)","line":61,"loc":{"start":{"line":61,"column":5},"end":{"line":61,"column":17}}},"5":{"name":"(anonymous_5)","line":82,"loc":{"start":{"line":82,"column":5},"end":{"line":82,"column":17}}},"6":{"name":"(anonymous_6)","line":91,"loc":{"start":{"line":91,"column":77},"end":{"line":94,"column":10}}},"7":{"name":"(anonymous_7)","line":112,"loc":{"start":{"line":112,"column":83},"end":{"line":115,"column":10}},"skip":true},"8":{"name":"(anonymous_8)","line":123,"loc":{"start":{"line":123,"column":77},"end":{"line":126,"column":10}},"skip":true},"9":{"name":"(anonymous_9)","line":139,"loc":{"start":{"line":139,"column":12},"end":{"line":139,"column":40}},"skip":true},"10":{"name":"(anonymous_10)","line":147,"loc":{"start":{"line":147,"column":77},"end":{"line":150,"column":10}},"skip":true},"11":{"name":"(anonymous_11)","line":158,"loc":{"start":{"line":158,"column":83},"end":{"line":161,"column":10}},"skip":true},"12":{"name":"(anonymous_12)","line":169,"loc":{"start":{"line":169,"column":79},"end":{"line":172,"column":10}},"skip":true},"13":{"name":"(anonymous_13)","line":180,"loc":{"start":{"line":180,"column":75},"end":{"line":183,"column":10}},"skip":true}},"statementMap":{"1":{"start":{"line":12,"column":0},"end":{"line":195,"column":5}},"2":{"start":{"line":14,"column":4},"end":{"line":14,"column":14}},"3":{"start":{"line":19,"column":4},"end":{"line":56,"column":9}},"4":{"start":{"line":21,"column":8},"end":{"line":21,"column":19}},"5":{"start":{"line":23,"column":8},"end":{"line":35,"column":13}},"6":{"start":{"line":24,"column":12},"end":{"line":34,"column":13}},"7":{"start":{"line":25,"column":16},"end":{"line":28,"column":30}},"8":{"start":{"line":30,"column":16},"end":{"line":33,"column":27}},"9":{"start":{"line":37,"column":8},"end":{"line":39,"column":21}},"10":{"start":{"line":40,"column":8},"end":{"line":53,"column":9}},"11":{"start":{"line":43,"column":12},"end":{"line":46,"column":14}},"12":{"start":{"line":47,"column":12},"end":{"line":47,"column":18}},"13":{"start":{"line":50,"column":12},"end":{"line":51,"column":33}},"14":{"start":{"line":52,"column":12},"end":{"line":52,"column":18}},"15":{"start":{"line":55,"column":8},"end":{"line":55,"column":35}},"16":{"start":{"line":61,"column":4},"end":{"line":63,"column":9}},"17":{"start":{"line":62,"column":8},"end":{"line":62,"column":15}},"18":{"start":{"line":64,"column":4},"end":{"line":77,"column":5}},"19":{"start":{"line":70,"column":8},"end":{"line":70,"column":14}},"20":{"start":{"line":76,"column":8},"end":{"line":76,"column":14}},"21":{"start":{"line":82,"column":4},"end":{"line":84,"column":9}},"22":{"start":{"line":83,"column":8},"end":{"line":83,"column":15}},"23":{"start":{"line":85,"column":4},"end":{"line":194,"column":5}},"24":{"start":{"line":91,"column":8},"end":{"line":99,"column":10}},"25":{"start":{"line":98,"column":12},"end":{"line":98,"column":35}},"26":{"start":{"line":102,"column":8},"end":{"line":104,"column":63}},"27":{"start":{"line":105,"column":8},"end":{"line":105,"column":14}},"28":{"start":{"line":112,"column":8},"end":{"line":121,"column":10},"skip":true},"29":{"start":{"line":119,"column":12},"end":{"line":119,"column":55},"skip":true},"30":{"start":{"line":120,"column":12},"end":{"line":120,"column":48},"skip":true},"31":{"start":{"line":123,"column":8},"end":{"line":136,"column":10},"skip":true},"32":{"start":{"line":130,"column":12},"end":{"line":130,"column":76},"skip":true},"33":{"start":{"line":131,"column":12},"end":{"line":131,"column":73},"skip":true},"34":{"start":{"line":132,"column":12},"end":{"line":132,"column":74},"skip":true},"35":{"start":{"line":133,"column":12},"end":{"line":133,"column":79},"skip":true},"36":{"start":{"line":134,"column":12},"end":{"line":134,"column":25},"skip":true},"37":{"start":{"line":135,"column":12},"end":{"line":135,"column":45},"skip":true},"38":{"start":{"line":138,"column":8},"end":{"line":145,"column":14},"skip":true},"39":{"start":{"line":143,"column":16},"end":{"line":143,"column":29},"skip":true},"40":{"start":{"line":144,"column":16},"end":{"line":144,"column":55},"skip":true},"41":{"start":{"line":147,"column":8},"end":{"line":156,"column":10},"skip":true},"42":{"start":{"line":154,"column":12},"end":{"line":154,"column":25},"skip":true},"43":{"start":{"line":155,"column":12},"end":{"line":155,"column":45},"skip":true},"44":{"start":{"line":158,"column":8},"end":{"line":167,"column":10},"skip":true},"45":{"start":{"line":165,"column":12},"end":{"line":165,"column":25},"skip":true},"46":{"start":{"line":166,"column":12},"end":{"line":166,"column":48},"skip":true},"47":{"start":{"line":169,"column":8},"end":{"line":178,"column":10},"skip":true},"48":{"start":{"line":176,"column":12},"end":{"line":176,"column":25},"skip":true},"49":{"start":{"line":177,"column":12},"end":{"line":177,"column":46},"skip":true},"50":{"start":{"line":180,"column":8},"end":{"line":189,"column":10},"skip":true},"51":{"start":{"line":187,"column":12},"end":{"line":187,"column":94},"skip":true},"52":{"start":{"line":188,"column":12},"end":{"line":188,"column":48},"skip":true},"53":{"start":{"line":192,"column":8},"end":{"line":192,"column":35},"skip":true},"54":{"start":{"line":193,"column":8},"end":{"line":193,"column":14},"skip":true}},"branchMap":{"1":{"line":25,"type":"binary-expr","locations":[{"start":{"line":25,"column":23},"end":{"line":25,"column":62}},{"start":{"line":26,"column":20},"end":{"line":26,"column":70}},{"start":{"line":27,"column":20},"end":{"line":27,"column":71}},{"start":{"line":28,"column":20},"end":{"line":28,"column":29}}]},"2":{"line":30,"type":"binary-expr","locations":[{"start":{"line":30,"column":23},"end":{"line":30,"column":37}},{"start":{"line":31,"column":20},"end":{"line":31,"column":61}},{"start":{"line":32,"column":20},"end":{"line":32,"column":70}},{"start":{"line":33,"column":20},"end":{"line":33,"column":26}}]},"3":{"line":37,"type":"cond-expr","locations":[{"start":{"line":38,"column":14},"end":{"line":38,"column":20}},{"start":{"line":39,"column":14},"end":{"line":39,"column":20}}]},"4":{"line":40,"type":"switch","locations":[{"start":{"line":42,"column":8},"end":{"line":47,"column":18}},{"start":{"line":49,"column":8},"end":{"line":52,"column":18}}]},"5":{"line":44,"type":"binary-expr","locations":[{"start":{"line":44,"column":16},"end":{"line":44,"column":44}},{"start":{"line":44,"column":48},"end":{"line":44,"column":66}}]},"6":{"line":50,"type":"binary-expr","locations":[{"start":{"line":50,"column":21},"end":{"line":50,"column":49}},{"start":{"line":50,"column":53},"end":{"line":50,"column":72}}]},"7":{"line":64,"type":"switch","locations":[{"start":{"line":69,"column":4},"end":{"line":70,"column":14}},{"start":{"line":75,"column":4},"end":{"line":76,"column":14}}]},"8":{"line":85,"type":"switch","locations":[{"start":{"line":90,"column":4},"end":{"line":105,"column":14}},{"start":{"line":111,"column":4},"end":{"line":193,"column":14},"skip":true}]},"9":{"line":91,"type":"binary-expr","locations":[{"start":{"line":91,"column":42},"end":{"line":91,"column":73}},{"start":{"line":91,"column":77},"end":{"line":99,"column":9}}]},"10":{"line":102,"type":"binary-expr","locations":[{"start":{"line":102,"column":18},"end":{"line":102,"column":32}},{"start":{"line":103,"column":12},"end":{"line":103,"column":53}},{"start":{"line":104,"column":12},"end":{"line":104,"column":61}}]},"11":{"line":112,"type":"binary-expr","locations":[{"start":{"line":112,"column":45},"end":{"line":112,"column":79},"skip":true},{"start":{"line":112,"column":83},"end":{"line":121,"column":9},"skip":true}]},"12":{"line":123,"type":"binary-expr","locations":[{"start":{"line":123,"column":42},"end":{"line":123,"column":73},"skip":true},{"start":{"line":123,"column":77},"end":{"line":136,"column":9},"skip":true}]},"13":{"line":138,"type":"binary-expr","locations":[{"start":{"line":138,"column":48},"end":{"line":138,"column":85},"skip":true},{"start":{"line":139,"column":12},"end":{"line":145,"column":13},"skip":true}]},"14":{"line":147,"type":"binary-expr","locations":[{"start":{"line":147,"column":42},"end":{"line":147,"column":73},"skip":true},{"start":{"line":147,"column":77},"end":{"line":156,"column":9},"skip":true}]},"15":{"line":158,"type":"binary-expr","locations":[{"start":{"line":158,"column":45},"end":{"line":158,"column":79},"skip":true},{"start":{"line":158,"column":83},"end":{"line":167,"column":9},"skip":true}]},"16":{"line":169,"type":"binary-expr","locations":[{"start":{"line":169,"column":43},"end":{"line":169,"column":75},"skip":true},{"start":{"line":169,"column":79},"end":{"line":178,"column":9},"skip":true}]},"17":{"line":180,"type":"binary-expr","locations":[{"start":{"line":180,"column":41},"end":{"line":180,"column":71},"skip":true},{"start":{"line":180,"column":75},"end":{"line":189,"column":9},"skip":true}]}},"code":["/* istanbul instrument in package npmtest_json_2_csv */","/*jslint","    bitwise: true,","    browser: true,","    maxerr: 8,","    maxlen: 96,","    node: true,","    nomen: true,","    regexp: true,","    stupid: true","*/","(function () {","    'use strict';","    var local;","","","","    // run shared js-env code - init-before","    (function () {","        // init local","        local = {};","        // init modeJs","        local.modeJs = (function () {","            try {","                return typeof navigator.userAgent === 'string' &&","                    typeof document.querySelector('body') === 'object' &&","                    typeof XMLHttpRequest.prototype.open === 'function' &&","                    'browser';","            } catch (errorCaughtBrowser) {","                return module.exports &&","                    typeof process.versions.node === 'string' &&","                    typeof require('http').createServer === 'function' &&","                    'node';","            }","        }());","        // init global","        local.global = local.modeJs === 'browser'","            ? window","            : global;","        switch (local.modeJs) {","        // re-init local from window.local","        case 'browser':","            local = local.global.utility2.objectSetDefault(","                local.global.utility2_rollup || local.global.local,","                local.global.utility2","            );","            break;","        // re-init local from example.js","        case 'node':","            local = (local.global.utility2_rollup || require('utility2'))","                .requireReadme();","            break;","        }","        // export local","        local.global.local = local;","    }());","","","","    // run shared js-env code - function","    (function () {","        return;","    }());","    switch (local.modeJs) {","","","","    // run browser js-env code - function","    case 'browser':","        break;","","","","    // run node js-env code - function","    case 'node':","        break;","    }","","","","    // run shared js-env code - init-after","    (function () {","        return;","    }());","    switch (local.modeJs) {","","","","    // run browser js-env code - init-after","    case 'browser':","        local.testCase_browser_nullCase = local.testCase_browser_nullCase || function (","            options,","            onError","        ) {","        /*","         * this function will test browsers's null-case handling-behavior-behavior","         */","            onError(null, options);","        };","","        // run tests","        local.nop(local.modeTest &&","            document.querySelector('#testRunButton1') &&","            document.querySelector('#testRunButton1').click());","        break;","","","","    // run node js-env code - init-after","    /* istanbul ignore next */","    case 'node':","        local.testCase_buildApidoc_default = local.testCase_buildApidoc_default || function (","            options,","            onError","        ) {","        /*","         * this function will test buildApidoc's default handling-behavior-behavior","         */","            options = { modulePathList: module.paths };","            local.buildApidoc(options, onError);","        };","","        local.testCase_buildApp_default = local.testCase_buildApp_default || function (","            options,","            onError","        ) {","        /*","         * this function will test buildApp's default handling-behavior-behavior","         */","            local.testCase_buildReadme_default(options, local.onErrorThrow);","            local.testCase_buildLib_default(options, local.onErrorThrow);","            local.testCase_buildTest_default(options, local.onErrorThrow);","            local.testCase_buildCustomOrg_default(options, local.onErrorThrow);","            options = [];","            local.buildApp(options, onError);","        };","","        local.testCase_buildCustomOrg_default = local.testCase_buildCustomOrg_default ||","            function (options, onError) {","            /*","             * this function will test buildCustomOrg's default handling-behavior","             */","                options = {};","                local.buildCustomOrg(options, onError);","            };","","        local.testCase_buildLib_default = local.testCase_buildLib_default || function (","            options,","            onError","        ) {","        /*","         * this function will test buildLib's default handling-behavior","         */","            options = {};","            local.buildLib(options, onError);","        };","","        local.testCase_buildReadme_default = local.testCase_buildReadme_default || function (","            options,","            onError","        ) {","        /*","         * this function will test buildReadme's default handling-behavior-behavior","         */","            options = {};","            local.buildReadme(options, onError);","        };","","        local.testCase_buildTest_default = local.testCase_buildTest_default || function (","            options,","            onError","        ) {","        /*","         * this function will test buildTest's default handling-behavior","         */","            options = {};","            local.buildTest(options, onError);","        };","","        local.testCase_webpage_default = local.testCase_webpage_default || function (","            options,","            onError","        ) {","        /*","         * this function will test webpage's default handling-behavior","         */","            options = { modeCoverageMerge: true, url: local.serverLocalHost + '?modeTest=1' };","            local.browserTest(options, onError);","        };","","        // run test-server","        local.testRunServer(local);","        break;","    }","}());",""],"l":{"12":2,"14":2,"19":2,"21":2,"23":2,"24":2,"25":2,"30":1,"37":2,"40":2,"43":1,"47":1,"50":1,"52":1,"55":2,"61":2,"62":2,"64":2,"70":1,"76":1,"82":2,"83":2,"85":2,"91":1,"98":1,"102":1,"105":1,"112":1,"119":1,"120":1,"123":1,"130":1,"131":1,"132":1,"133":1,"134":1,"135":1,"138":1,"143":2,"144":2,"147":1,"154":2,"155":2,"158":1,"165":2,"166":2,"169":1,"176":2,"177":2,"180":1,"187":1,"188":1,"192":1,"193":1}},"/home/travis/build/npmtest/node-npmtest-json-2-csv/lib.npmtest_json_2_csv.js":{"path":"/home/travis/build/npmtest/node-npmtest-json-2-csv/lib.npmtest_json_2_csv.js","s":{"1":2,"2":2,"3":2,"4":2,"5":2,"6":2,"7":2,"8":1,"9":2,"10":2,"11":2,"12":2,"13":1,"14":1,"15":1,"16":1},"b":{"1":[2,1,1,1],"2":[1,1,1,1],"3":[1,1],"4":[2,2],"5":[1,1]},"f":{"1":2,"2":2,"3":2},"fnMap":{"1":{"name":"(anonymous_1)","line":12,"loc":{"start":{"line":12,"column":1},"end":{"line":12,"column":13}}},"2":{"name":"(anonymous_2)","line":19,"loc":{"start":{"line":19,"column":5},"end":{"line":19,"column":17}}},"3":{"name":"(anonymous_3)","line":23,"loc":{"start":{"line":23,"column":24},"end":{"line":23,"column":36}}}},"statementMap":{"1":{"start":{"line":12,"column":0},"end":{"line":53,"column":5}},"2":{"start":{"line":14,"column":4},"end":{"line":14,"column":14}},"3":{"start":{"line":19,"column":4},"end":{"line":52,"column":9}},"4":{"start":{"line":21,"column":8},"end":{"line":21,"column":19}},"5":{"start":{"line":23,"column":8},"end":{"line":35,"column":13}},"6":{"start":{"line":24,"column":12},"end":{"line":34,"column":13}},"7":{"start":{"line":25,"column":16},"end":{"line":28,"column":30}},"8":{"start":{"line":30,"column":16},"end":{"line":33,"column":27}},"9":{"start":{"line":37,"column":8},"end":{"line":39,"column":21}},"10":{"start":{"line":41,"column":8},"end":{"line":41,"column":54}},"11":{"start":{"line":43,"column":8},"end":{"line":43,"column":55}},"12":{"start":{"line":45,"column":8},"end":{"line":51,"column":9}},"13":{"start":{"line":46,"column":12},"end":{"line":46,"column":61}},"14":{"start":{"line":48,"column":12},"end":{"line":48,"column":35}},"15":{"start":{"line":49,"column":12},"end":{"line":49,"column":49}},"16":{"start":{"line":50,"column":12},"end":{"line":50,"column":43}}},"branchMap":{"1":{"line":25,"type":"binary-expr","locations":[{"start":{"line":25,"column":23},"end":{"line":25,"column":62}},{"start":{"line":26,"column":20},"end":{"line":26,"column":70}},{"start":{"line":27,"column":20},"end":{"line":27,"column":71}},{"start":{"line":28,"column":20},"end":{"line":28,"column":29}}]},"2":{"line":30,"type":"binary-expr","locations":[{"start":{"line":30,"column":23},"end":{"line":30,"column":37}},{"start":{"line":31,"column":20},"end":{"line":31,"column":61}},{"start":{"line":32,"column":20},"end":{"line":32,"column":70}},{"start":{"line":33,"column":20},"end":{"line":33,"column":26}}]},"3":{"line":37,"type":"cond-expr","locations":[{"start":{"line":38,"column":14},"end":{"line":38,"column":20}},{"start":{"line":39,"column":14},"end":{"line":39,"column":20}}]},"4":{"line":41,"type":"binary-expr","locations":[{"start":{"line":41,"column":16},"end":{"line":41,"column":44}},{"start":{"line":41,"column":48},"end":{"line":41,"column":53}}]},"5":{"line":45,"type":"if","locations":[{"start":{"line":45,"column":8},"end":{"line":45,"column":8}},{"start":{"line":45,"column":8},"end":{"line":45,"column":8}}]}},"code":["/* istanbul instrument in package npmtest_json_2_csv */","/*jslint","    bitwise: true,","    browser: true,","    maxerr: 8,","    maxlen: 96,","    node: true,","    nomen: true,","    regexp: true,","    stupid: true","*/","(function () {","    'use strict';","    var local;","","","","    // run shared js-env code - init-before","    (function () {","        // init local","        local = {};","        // init modeJs","        local.modeJs = (function () {","            try {","                return typeof navigator.userAgent === 'string' &&","                    typeof document.querySelector('body') === 'object' &&","                    typeof XMLHttpRequest.prototype.open === 'function' &&","                    'browser';","            } catch (errorCaughtBrowser) {","                return module.exports &&","                    typeof process.versions.node === 'string' &&","                    typeof require('http').createServer === 'function' &&","                    'node';","            }","        }());","        // init global","        local.global = local.modeJs === 'browser'","            ? window","            : global;","        // init utility2_rollup","        local = local.global.utility2_rollup || local;","        // init lib","        local.local = local.npmtest_json_2_csv = local;","        // init exports","        if (local.modeJs === 'browser') {","            local.global.utility2_npmtest_json_2_csv = local;","        } else {","            module.exports = local;","            module.exports.__dirname = __dirname;","            module.exports.module = module;","        }","    }());","}());",""],"l":{"12":2,"14":2,"19":2,"21":2,"23":2,"24":2,"25":2,"30":1,"37":2,"41":2,"43":2,"45":2,"46":1,"48":1,"49":1,"50":1}},"/home/travis/build/npmtest/node-npmtest-json-2-csv/example.js":{"path":"/home/travis/build/npmtest/node-npmtest-json-2-csv/example.js","s":{"1":2,"2":2,"3":2,"4":2,"5":2,"6":2,"7":2,"8":1,"9":2,"10":2,"11":2,"12":2,"13":1,"14":2,"15":2,"16":2,"17":2,"18":2,"19":0,"20":2,"21":1,"22":1,"23":1,"24":1,"25":1,"26":0,"27":0,"28":1,"29":1,"30":2,"31":0,"32":0,"33":0,"34":1,"35":2,"36":2,"37":3,"38":3,"39":3,"40":3,"41":0,"42":3,"43":3,"44":3,"45":1,"46":3,"47":1,"48":1,"49":1,"50":1,"51":1,"52":1,"53":1,"54":1,"55":1,"56":1,"57":0,"58":1,"59":6,"60":6,"61":1,"62":2,"63":0,"64":2,"65":1,"66":1,"67":0,"68":0,"69":0,"70":0,"71":0,"72":0,"73":0,"74":0,"75":0,"76":0,"77":0,"78":0,"79":0,"80":0,"81":0,"82":0,"83":0},"b":{"1":[2,1,1,1],"2":[1,1,1,1],"3":[1,1],"4":[2,2],"5":[1,1],"6":[1,1],"7":[2,0],"8":[2,1,1,1,1,1],"9":[0,2,0],"10":[1,1],"11":[2,1,1],"12":[1,0],"13":[0,2],"14":[2,0,0,0,0,0,0],"15":[0,3],"16":[3,0],"17":[1,1],"18":[0,1],"19":[1,2,0,2],"20":[1,0],"21":[1,1],"22":[0,0],"23":[0,0],"24":[0,0],"25":[0,0],"26":[0,0],"27":[0,0],"28":[0,0]},"f":{"1":2,"2":2,"3":2,"4":2,"5":2,"6":2,"7":3,"8":3,"9":3,"10":1,"11":6,"12":0},"fnMap":{"1":{"name":"(anonymous_1)","line":26,"loc":{"start":{"line":26,"column":1},"end":{"line":26,"column":13}}},"2":{"name":"(anonymous_2)","line":33,"loc":{"start":{"line":33,"column":5},"end":{"line":33,"column":17}}},"3":{"name":"(anonymous_3)","line":37,"loc":{"start":{"line":37,"column":24},"end":{"line":37,"column":36}}},"4":{"name":"(anonymous_4)","line":69,"loc":{"start":{"line":69,"column":31},"end":{"line":69,"column":48}},"skip":true},"5":{"name":"(anonymous_5)","line":78,"loc":{"start":{"line":78,"column":26},"end":{"line":78,"column":45}},"skip":true},"6":{"name":"(anonymous_6)","line":123,"loc":{"start":{"line":123,"column":33},"end":{"line":123,"column":48}},"skip":true},"7":{"name":"(anonymous_7)","line":125,"loc":{"start":{"line":125,"column":27},"end":{"line":125,"column":39}},"skip":true},"8":{"name":"(anonymous_8)","line":133,"loc":{"start":{"line":133,"column":59},"end":{"line":133,"column":74}},"skip":true},"9":{"name":"(anonymous_9)","line":143,"loc":{"start":{"line":143,"column":45},"end":{"line":143,"column":62}},"skip":true},"10":{"name":"(anonymous_10)","line":144,"loc":{"start":{"line":144,"column":73},"end":{"line":144,"column":92}},"skip":true},"11":{"name":"(anonymous_11)","line":272,"loc":{"start":{"line":272,"column":51},"end":{"line":272,"column":77}},"skip":true},"12":{"name":"(anonymous_12)","line":315,"loc":{"start":{"line":315,"column":32},"end":{"line":315,"column":61}},"skip":true}},"statementMap":{"1":{"start":{"line":26,"column":0},"end":{"line":326,"column":5}},"2":{"start":{"line":28,"column":4},"end":{"line":28,"column":14}},"3":{"start":{"line":33,"column":4},"end":{"line":60,"column":9}},"4":{"start":{"line":35,"column":8},"end":{"line":35,"column":19}},"5":{"start":{"line":37,"column":8},"end":{"line":49,"column":13}},"6":{"start":{"line":38,"column":12},"end":{"line":48,"column":13}},"7":{"start":{"line":39,"column":16},"end":{"line":42,"column":30}},"8":{"start":{"line":44,"column":16},"end":{"line":47,"column":27}},"9":{"start":{"line":51,"column":8},"end":{"line":53,"column":21}},"10":{"start":{"line":55,"column":8},"end":{"line":57,"column":45}},"11":{"start":{"line":59,"column":8},"end":{"line":59,"column":35}},"12":{"start":{"line":61,"column":4},"end":{"line":325,"column":5}},"13":{"start":{"line":69,"column":8},"end":{"line":121,"column":10},"skip":true},"14":{"start":{"line":70,"column":12},"end":{"line":88,"column":13},"skip":true},"15":{"start":{"line":76,"column":16},"end":{"line":87,"column":19},"skip":true},"16":{"start":{"line":79,"column":20},"end":{"line":86,"column":21},"skip":true},"17":{"start":{"line":82,"column":24},"end":{"line":82,"column":43},"skip":true},"18":{"start":{"line":83,"column":24},"end":{"line":83,"column":30},"skip":true},"19":{"start":{"line":85,"column":24},"end":{"line":85,"column":49},"skip":true},"20":{"start":{"line":89,"column":12},"end":{"line":107,"column":13},"skip":true},"21":{"start":{"line":92,"column":16},"end":{"line":102,"column":17},"skip":true},"22":{"start":{"line":93,"column":20},"end":{"line":93,"column":86},"skip":true},"23":{"start":{"line":94,"column":20},"end":{"line":95,"column":45},"skip":true},"24":{"start":{"line":96,"column":20},"end":{"line":96,"column":42},"skip":true},"25":{"start":{"line":97,"column":20},"end":{"line":97,"column":48},"skip":true},"26":{"start":{"line":100,"column":20},"end":{"line":100,"column":85},"skip":true},"27":{"start":{"line":101,"column":20},"end":{"line":101,"column":96},"skip":true},"28":{"start":{"line":103,"column":16},"end":{"line":103,"column":22},"skip":true},"29":{"start":{"line":106,"column":16},"end":{"line":106,"column":22},"skip":true},"30":{"start":{"line":108,"column":12},"end":{"line":120,"column":13},"skip":true},"31":{"start":{"line":114,"column":16},"end":{"line":119,"column":17},"skip":true},"32":{"start":{"line":116,"column":20},"end":{"line":116,"column":78},"skip":true},"33":{"start":{"line":118,"column":20},"end":{"line":118,"column":47},"skip":true},"34":{"start":{"line":123,"column":8},"end":{"line":141,"column":11},"skip":true},"35":{"start":{"line":124,"column":12},"end":{"line":124,"column":54},"skip":true},"36":{"start":{"line":125,"column":12},"end":{"line":140,"column":14},"skip":true},"37":{"start":{"line":126,"column":16},"end":{"line":126,"column":28},"skip":true},"38":{"start":{"line":127,"column":16},"end":{"line":127,"column":69},"skip":true},"39":{"start":{"line":128,"column":16},"end":{"line":128,"column":75},"skip":true},"40":{"start":{"line":129,"column":16},"end":{"line":131,"column":17},"skip":true},"41":{"start":{"line":130,"column":20},"end":{"line":130,"column":27},"skip":true},"42":{"start":{"line":133,"column":16},"end":{"line":137,"column":36},"skip":true},"43":{"start":{"line":134,"column":20},"end":{"line":136,"column":55},"skip":true},"44":{"start":{"line":139,"column":16},"end":{"line":139,"column":57},"skip":true},"45":{"start":{"line":143,"column":8},"end":{"line":147,"column":11},"skip":true},"46":{"start":{"line":144,"column":12},"end":{"line":146,"column":15},"skip":true},"47":{"start":{"line":145,"column":16},"end":{"line":145,"column":70},"skip":true},"48":{"start":{"line":149,"column":8},"end":{"line":149,"column":31},"skip":true},"49":{"start":{"line":150,"column":8},"end":{"line":150,"column":14},"skip":true},"50":{"start":{"line":158,"column":8},"end":{"line":158,"column":31},"skip":true},"51":{"start":{"line":160,"column":8},"end":{"line":160,"column":33},"skip":true},"52":{"start":{"line":161,"column":8},"end":{"line":161,"column":37},"skip":true},"53":{"start":{"line":162,"column":8},"end":{"line":162,"column":35},"skip":true},"54":{"start":{"line":164,"column":8},"end":{"line":164,"column":50},"skip":true},"55":{"start":{"line":166,"column":8},"end":{"line":256,"column":2},"skip":true},"56":{"start":{"line":258,"column":8},"end":{"line":286,"column":9},"skip":true},"57":{"start":{"line":259,"column":12},"end":{"line":269,"column":14},"skip":true},"58":{"start":{"line":271,"column":12},"end":{"line":285,"column":19},"skip":true},"59":{"start":{"line":274,"column":20},"end":{"line":274,"column":35},"skip":true},"60":{"start":{"line":275,"column":20},"end":{"line":284,"column":21},"skip":true},"61":{"start":{"line":277,"column":24},"end":{"line":277,"column":64},"skip":true},"62":{"start":{"line":279,"column":24},"end":{"line":279,"column":40},"skip":true},"63":{"start":{"line":281,"column":24},"end":{"line":281,"column":40},"skip":true},"64":{"start":{"line":283,"column":24},"end":{"line":283,"column":39},"skip":true},"65":{"start":{"line":288,"column":8},"end":{"line":290,"column":9},"skip":true},"66":{"start":{"line":289,"column":12},"end":{"line":289,"column":18},"skip":true},"67":{"start":{"line":291,"column":8},"end":{"line":293,"column":54},"skip":true},"68":{"start":{"line":296,"column":8},"end":{"line":301,"column":37},"skip":true},"69":{"start":{"line":303,"column":8},"end":{"line":303,"column":82},"skip":true},"70":{"start":{"line":306,"column":8},"end":{"line":308,"column":9},"skip":true},"71":{"start":{"line":307,"column":12},"end":{"line":307,"column":82},"skip":true},"72":{"start":{"line":310,"column":8},"end":{"line":312,"column":9},"skip":true},"73":{"start":{"line":311,"column":12},"end":{"line":311,"column":18},"skip":true},"74":{"start":{"line":313,"column":8},"end":{"line":313,"column":54},"skip":true},"75":{"start":{"line":314,"column":8},"end":{"line":314,"column":69},"skip":true},"76":{"start":{"line":315,"column":8},"end":{"line":323,"column":36},"skip":true},"77":{"start":{"line":316,"column":12},"end":{"line":316,"column":61},"skip":true},"78":{"start":{"line":317,"column":12},"end":{"line":320,"column":13},"skip":true},"79":{"start":{"line":318,"column":16},"end":{"line":318,"column":75},"skip":true},"80":{"start":{"line":319,"column":16},"end":{"line":319,"column":23},"skip":true},"81":{"start":{"line":321,"column":12},"end":{"line":321,"column":38},"skip":true},"82":{"start":{"line":322,"column":12},"end":{"line":322,"column":27},"skip":true},"83":{"start":{"line":324,"column":8},"end":{"line":324,"column":14},"skip":true}},"branchMap":{"1":{"line":39,"type":"binary-expr","locations":[{"start":{"line":39,"column":23},"end":{"line":39,"column":62}},{"start":{"line":40,"column":20},"end":{"line":40,"column":70}},{"start":{"line":41,"column":20},"end":{"line":41,"column":71}},{"start":{"line":42,"column":20},"end":{"line":42,"column":29}}]},"2":{"line":44,"type":"binary-expr","locations":[{"start":{"line":44,"column":23},"end":{"line":44,"column":37}},{"start":{"line":45,"column":20},"end":{"line":45,"column":61}},{"start":{"line":46,"column":20},"end":{"line":46,"column":70}},{"start":{"line":47,"column":20},"end":{"line":47,"column":26}}]},"3":{"line":51,"type":"cond-expr","locations":[{"start":{"line":52,"column":14},"end":{"line":52,"column":20}},{"start":{"line":53,"column":14},"end":{"line":53,"column":20}}]},"4":{"line":55,"type":"binary-expr","locations":[{"start":{"line":55,"column":16},"end":{"line":55,"column":44}},{"start":{"line":55,"column":49},"end":{"line":57,"column":43}}]},"5":{"line":55,"type":"cond-expr","locations":[{"start":{"line":56,"column":14},"end":{"line":56,"column":54}},{"start":{"line":57,"column":14},"end":{"line":57,"column":43}}]},"6":{"line":61,"type":"switch","locations":[{"start":{"line":68,"column":4},"end":{"line":150,"column":14},"skip":true},{"start":{"line":156,"column":4},"end":{"line":324,"column":14},"skip":true}]},"7":{"line":70,"type":"if","locations":[{"start":{"line":70,"column":12},"end":{"line":70,"column":12},"skip":true},{"start":{"line":70,"column":12},"end":{"line":70,"column":12},"skip":true}]},"8":{"line":70,"type":"binary-expr","locations":[{"start":{"line":70,"column":16},"end":{"line":70,"column":22},"skip":true},{"start":{"line":70,"column":27},"end":{"line":70,"column":32},"skip":true},{"start":{"line":71,"column":20},"end":{"line":71,"column":39},"skip":true},{"start":{"line":72,"column":20},"end":{"line":72,"column":49},"skip":true},{"start":{"line":73,"column":20},"end":{"line":73,"column":58},"skip":true},{"start":{"line":74,"column":20},"end":{"line":74,"column":69},"skip":true}]},"9":{"line":79,"type":"switch","locations":[{"start":{"line":80,"column":20},"end":{"line":80,"column":33},"skip":true},{"start":{"line":81,"column":20},"end":{"line":83,"column":30},"skip":true},{"start":{"line":84,"column":20},"end":{"line":85,"column":49},"skip":true}]},"10":{"line":89,"type":"switch","locations":[{"start":{"line":90,"column":12},"end":{"line":103,"column":22},"skip":true},{"start":{"line":105,"column":12},"end":{"line":106,"column":22},"skip":true}]},"11":{"line":89,"type":"binary-expr","locations":[{"start":{"line":89,"column":20},"end":{"line":89,"column":25},"skip":true},{"start":{"line":89,"column":29},"end":{"line":89,"column":48},"skip":true},{"start":{"line":89,"column":52},"end":{"line":89,"column":74},"skip":true}]},"12":{"line":92,"type":"if","locations":[{"start":{"line":92,"column":16},"end":{"line":92,"column":16},"skip":true},{"start":{"line":92,"column":16},"end":{"line":92,"column":16},"skip":true}]},"13":{"line":108,"type":"if","locations":[{"start":{"line":108,"column":12},"end":{"line":108,"column":12},"skip":true},{"start":{"line":108,"column":12},"end":{"line":108,"column":12},"skip":true}]},"14":{"line":108,"type":"binary-expr","locations":[{"start":{"line":108,"column":16},"end":{"line":108,"column":61},"skip":true},{"start":{"line":108,"column":66},"end":{"line":108,"column":72},"skip":true},{"start":{"line":108,"column":77},"end":{"line":108,"column":82},"skip":true},{"start":{"line":109,"column":20},"end":{"line":109,"column":39},"skip":true},{"start":{"line":110,"column":20},"end":{"line":110,"column":49},"skip":true},{"start":{"line":111,"column":20},"end":{"line":111,"column":58},"skip":true},{"start":{"line":112,"column":20},"end":{"line":112,"column":68},"skip":true}]},"15":{"line":129,"type":"if","locations":[{"start":{"line":129,"column":16},"end":{"line":129,"column":16},"skip":true},{"start":{"line":129,"column":16},"end":{"line":129,"column":16},"skip":true}]},"16":{"line":134,"type":"cond-expr","locations":[{"start":{"line":135,"column":26},"end":{"line":135,"column":29},"skip":true},{"start":{"line":136,"column":26},"end":{"line":136,"column":54},"skip":true}]},"17":{"line":164,"type":"binary-expr","locations":[{"start":{"line":164,"column":27},"end":{"line":164,"column":43},"skip":true},{"start":{"line":164,"column":47},"end":{"line":164,"column":49},"skip":true}]},"18":{"line":258,"type":"if","locations":[{"start":{"line":258,"column":8},"end":{"line":258,"column":8},"skip":true},{"start":{"line":258,"column":8},"end":{"line":258,"column":8},"skip":true}]},"19":{"line":275,"type":"switch","locations":[{"start":{"line":276,"column":20},"end":{"line":277,"column":64},"skip":true},{"start":{"line":278,"column":20},"end":{"line":279,"column":40},"skip":true},{"start":{"line":280,"column":20},"end":{"line":281,"column":40},"skip":true},{"start":{"line":282,"column":20},"end":{"line":283,"column":39},"skip":true}]},"20":{"line":288,"type":"if","locations":[{"start":{"line":288,"column":8},"end":{"line":288,"column":8},"skip":true},{"start":{"line":288,"column":8},"end":{"line":288,"column":8},"skip":true}]},"21":{"line":288,"type":"binary-expr","locations":[{"start":{"line":288,"column":12},"end":{"line":288,"column":40},"skip":true},{"start":{"line":288,"column":44},"end":{"line":288,"column":67},"skip":true}]},"22":{"line":292,"type":"binary-expr","locations":[{"start":{"line":292,"column":12},"end":{"line":292,"column":50},"skip":true},{"start":{"line":293,"column":12},"end":{"line":293,"column":53},"skip":true}]},"23":{"line":297,"type":"binary-expr","locations":[{"start":{"line":297,"column":12},"end":{"line":297,"column":68},"skip":true},{"start":{"line":298,"column":12},"end":{"line":301,"column":36},"skip":true}]},"24":{"line":303,"type":"binary-expr","locations":[{"start":{"line":303,"column":43},"end":{"line":303,"column":75},"skip":true},{"start":{"line":303,"column":79},"end":{"line":303,"column":81},"skip":true}]},"25":{"line":306,"type":"if","locations":[{"start":{"line":306,"column":8},"end":{"line":306,"column":8},"skip":true},{"start":{"line":306,"column":8},"end":{"line":306,"column":8},"skip":true}]},"26":{"line":310,"type":"if","locations":[{"start":{"line":310,"column":8},"end":{"line":310,"column":8},"skip":true},{"start":{"line":310,"column":8},"end":{"line":310,"column":8},"skip":true}]},"27":{"line":313,"type":"binary-expr","locations":[{"start":{"line":313,"column":27},"end":{"line":313,"column":43},"skip":true},{"start":{"line":313,"column":47},"end":{"line":313,"column":53},"skip":true}]},"28":{"line":317,"type":"if","locations":[{"start":{"line":317,"column":12},"end":{"line":317,"column":12},"skip":true},{"start":{"line":317,"column":12},"end":{"line":317,"column":12},"skip":true}]}},"code":["/*","example.js","","quickstart example","","instruction","    1. save this script as example.js","    2. run the shell command:","        $ npm install npmtest-json-2-csv && PORT=8081 node example.js","    3. play with the browser-demo on http://127.0.0.1:8081","*/","","","","/* istanbul instrument in package npmtest_json_2_csv */","/*jslint","    bitwise: true,","    browser: true,","    maxerr: 8,","    maxlen: 96,","    node: true,","    nomen: true,","    regexp: true,","    stupid: true","*/","(function () {","    'use strict';","    var local;","","","","    // run shared js-env code - init-before","    (function () {","        // init local","        local = {};","        // init modeJs","        local.modeJs = (function () {","            try {","                return typeof navigator.userAgent === 'string' &&","                    typeof document.querySelector('body') === 'object' &&","                    typeof XMLHttpRequest.prototype.open === 'function' &&","                    'browser';","            } catch (errorCaughtBrowser) {","                return module.exports &&","                    typeof process.versions.node === 'string' &&","                    typeof require('http').createServer === 'function' &&","                    'node';","            }","        }());","        // init global","        local.global = local.modeJs === 'browser'","            ? window","            : global;","        // init utility2_rollup","        local = local.global.utility2_rollup || (local.modeJs === 'browser'","            ? local.global.utility2_npmtest_json_2_csv","            : global.utility2_moduleExports);","        // export local","        local.global.local = local;","    }());","    switch (local.modeJs) {","","","","    // init-after","    // run browser js-env code - init-after","    /* istanbul ignore next */","    case 'browser':","        local.testRunBrowser = function (event) {","            if (!event || (event &&","                    event.currentTarget &&","                    event.currentTarget.className &&","                    event.currentTarget.className.includes &&","                    event.currentTarget.className.includes('onreset'))) {","                // reset output","                Array.from(","                    document.querySelectorAll('body > .resettable')","                ).forEach(function (element) {","                    switch (element.tagName) {","                    case 'INPUT':","                    case 'TEXTAREA':","                        element.value = '';","                        break;","                    default:","                        element.textContent = '';","                    }","                });","            }","            switch (event && event.currentTarget && event.currentTarget.id) {","            case 'testRunButton1':","                // show tests","                if (document.querySelector('#testReportDiv1').style.display === 'none') {","                    document.querySelector('#testReportDiv1').style.display = 'block';","                    document.querySelector('#testRunButton1').textContent =","                        'hide internal test';","                    local.modeTest = true;","                    local.testRunDefault(local);","                // hide tests","                } else {","                    document.querySelector('#testReportDiv1').style.display = 'none';","                    document.querySelector('#testRunButton1').textContent = 'run internal test';","                }","                break;","            // custom-case","            default:","                break;","            }","            if (document.querySelector('#inputTextareaEval1') && (!event || (event &&","                    event.currentTarget &&","                    event.currentTarget.className &&","                    event.currentTarget.className.includes &&","                    event.currentTarget.className.includes('oneval')))) {","                // try to eval input-code","                try {","                    /*jslint evil: true*/","                    eval(document.querySelector('#inputTextareaEval1').value);","                } catch (errorCaught) {","                    console.error(errorCaught);","                }","            }","        };","        // log stderr and stdout to #outputTextareaStdout1","        ['error', 'log'].forEach(function (key) {","            console[key + '_original'] = console[key];","            console[key] = function () {","                var element;","                console[key + '_original'].apply(console, arguments);","                element = document.querySelector('#outputTextareaStdout1');","                if (!element) {","                    return;","                }","                // append text to #outputTextareaStdout1","                element.value += Array.from(arguments).map(function (arg) {","                    return typeof arg === 'string'","                        ? arg","                        : JSON.stringify(arg, null, 4);","                }).join(' ') + '\\n';","                // scroll textarea to bottom","                element.scrollTop = element.scrollHeight;","            };","        });","        // init event-handling","        ['change', 'click', 'keyup'].forEach(function (event) {","            Array.from(document.querySelectorAll('.on' + event)).forEach(function (element) {","                element.addEventListener(event, local.testRunBrowser);","            });","        });","        // run tests","        local.testRunBrowser();","        break;","","","","    // run node js-env code - init-after","    /* istanbul ignore next */","    case 'node':","        // export local","        module.exports = local;","        // require modules","        local.fs = require('fs');","        local.http = require('http');","        local.url = require('url');","        // init assets","        local.assetsDict = local.assetsDict || {};","        /* jslint-ignore-begin */","        local.assetsDict['/assets.index.template.html'] = '\\","<!doctype html>\\n\\","<html lang=\"en\">\\n\\","<head>\\n\\","<meta charset=\"UTF-8\">\\n\\","<meta name=\"viewport\" content=\"width=device-width, initial-scale=1\">\\n\\","<title>{{env.npm_package_name}} (v{{env.npm_package_version}})</title>\\n\\","<style>\\n\\","/*csslint\\n\\","    box-sizing: false,\\n\\","    universal-selector: false\\n\\","*/\\n\\","* {\\n\\","    box-sizing: border-box;\\n\\","}\\n\\","body {\\n\\","    background: #dde;\\n\\","    font-family: Arial, Helvetica, sans-serif;\\n\\","    margin: 2rem;\\n\\","}\\n\\","body > * {\\n\\","    margin-bottom: 1rem;\\n\\","}\\n\\",".utility2FooterDiv {\\n\\","    margin-top: 20px;\\n\\","    text-align: center;\\n\\","}\\n\\","</style>\\n\\","<style>\\n\\","/*csslint\\n\\","*/\\n\\","textarea {\\n\\","    font-family: monospace;\\n\\","    height: 10rem;\\n\\","    width: 100%;\\n\\","}\\n\\","textarea[readonly] {\\n\\","    background: #ddd;\\n\\","}\\n\\","</style>\\n\\","</head>\\n\\","<body>\\n\\","<!-- utility2-comment\\n\\","<div id=\"ajaxProgressDiv1\" style=\"background: #d00; height: 2px; left: 0; margin: 0; padding: 0; position: fixed; top: 0; transition: background 0.5s, width 1.5s; width: 25%;\"></div>\\n\\","utility2-comment -->\\n\\","<h1>\\n\\","<!-- utility2-comment\\n\\","    <a\\n\\","        {{#if env.npm_package_homepage}}\\n\\","        href=\"{{env.npm_package_homepage}}\"\\n\\","        {{/if env.npm_package_homepage}}\\n\\","        target=\"_blank\"\\n\\","    >\\n\\","utility2-comment -->\\n\\","        {{env.npm_package_name}} (v{{env.npm_package_version}})\\n\\","<!-- utility2-comment\\n\\","    </a>\\n\\","utility2-comment -->\\n\\","</h1>\\n\\","<h3>{{env.npm_package_description}}</h3>\\n\\","<!-- utility2-comment\\n\\","<h4><a download href=\"assets.app.js\">download standalone app</a></h4>\\n\\","<button class=\"onclick onreset\" id=\"testRunButton1\">run internal test</button><br>\\n\\","<div id=\"testReportDiv1\" style=\"display: none;\"></div>\\n\\","utility2-comment -->\\n\\","\\n\\","\\n\\","\\n\\","<label>stderr and stdout</label>\\n\\","<textarea class=\"resettable\" id=\"outputTextareaStdout1\" readonly></textarea>\\n\\","<!-- utility2-comment\\n\\","{{#if isRollup}}\\n\\","<script src=\"assets.app.js\"></script>\\n\\","{{#unless isRollup}}\\n\\","utility2-comment -->\\n\\","<script src=\"assets.utility2.rollup.js\"></script>\\n\\","<script src=\"jsonp.utility2._stateInit?callback=window.utility2._stateInit\"></script>\\n\\","<script src=\"assets.npmtest_json_2_csv.rollup.js\"></script>\\n\\","<script src=\"assets.example.js\"></script>\\n\\","<script src=\"assets.test.js\"></script>\\n\\","<!-- utility2-comment\\n\\","{{/if isRollup}}\\n\\","utility2-comment -->\\n\\","<div class=\"utility2FooterDiv\">\\n\\","    [ this app was created with\\n\\","    <a href=\"https://github.com/kaizhu256/node-utility2\" target=\"_blank\">utility2</a>\\n\\","    ]\\n\\","</div>\\n\\","</body>\\n\\","</html>\\n\\","';","        /* jslint-ignore-end */","        if (local.templateRender) {","            local.assetsDict['/'] = local.templateRender(","                local.assetsDict['/assets.index.template.html'],","                {","                    env: local.objectSetDefault(local.env, {","                        npm_package_description: 'the greatest app in the world!',","                        npm_package_name: 'my-app',","                        npm_package_nameAlias: 'my_app',","                        npm_package_version: '0.0.1'","                    })","                }","            );","        } else {","            local.assetsDict['/'] = local.assetsDict['/assets.index.template.html']","                .replace((/\\{\\{env\\.(\\w+?)\\}\\}/g), function (match0, match1) {","                    // jslint-hack","                    String(match0);","                    switch (match1) {","                    case 'npm_package_description':","                        return 'the greatest app in the world!';","                    case 'npm_package_name':","                        return 'my-app';","                    case 'npm_package_nameAlias':","                        return 'my_app';","                    case 'npm_package_version':","                        return '0.0.1';","                    }","                });","        }","        // run the cli","        if (local.global.utility2_rollup || module !== require.main) {","            break;","        }","        local.assetsDict['/assets.example.js'] =","            local.assetsDict['/assets.example.js'] ||","            local.fs.readFileSync(__filename, 'utf8');","        // bug-workaround - long $npm_package_buildCustomOrg","        /* jslint-ignore-begin */","        local.assetsDict['/assets.npmtest_json_2_csv.rollup.js'] =","            local.assetsDict['/assets.npmtest_json_2_csv.rollup.js'] ||","            local.fs.readFileSync(","                local.npmtest_json_2_csv.__dirname + '/lib.npmtest_json_2_csv.js',","                'utf8'","            ).replace((/^#!/), '//');","        /* jslint-ignore-end */","        local.assetsDict['/favicon.ico'] = local.assetsDict['/favicon.ico'] || '';","        // if $npm_config_timeout_exit exists,","        // then exit this process after $npm_config_timeout_exit ms","        if (Number(process.env.npm_config_timeout_exit)) {","            setTimeout(process.exit, Number(process.env.npm_config_timeout_exit));","        }","        // start server","        if (local.global.utility2_serverHttp1) {","            break;","        }","        process.env.PORT = process.env.PORT || '8081';","        console.error('server starting on port ' + process.env.PORT);","        local.http.createServer(function (request, response) {","            request.urlParsed = local.url.parse(request.url);","            if (local.assetsDict[request.urlParsed.pathname] !== undefined) {","                response.end(local.assetsDict[request.urlParsed.pathname]);","                return;","            }","            response.statusCode = 404;","            response.end();","        }).listen(process.env.PORT);","        break;","    }","}());",""],"l":{"26":2,"28":2,"33":2,"35":2,"37":2,"38":2,"39":2,"44":1,"51":2,"55":2,"59":2,"61":2,"69":1,"70":2,"76":2,"79":2,"82":2,"83":2,"85":1,"89":2,"92":1,"93":1,"94":1,"96":1,"97":1,"100":1,"101":1,"103":1,"106":1,"108":2,"114":1,"116":1,"118":1,"123":1,"124":2,"125":2,"126":3,"127":3,"128":3,"129":3,"130":1,"133":3,"134":3,"139":3,"143":1,"144":3,"145":1,"149":1,"150":1,"158":1,"160":1,"161":1,"162":1,"164":1,"166":1,"258":1,"259":1,"271":1,"274":6,"275":6,"277":1,"279":2,"281":1,"283":2,"288":1,"289":1,"291":1,"296":1,"303":1,"306":1,"307":1,"310":1,"311":1,"313":1,"314":1,"315":1,"316":1,"317":1,"318":1,"319":1,"321":1,"322":1,"324":1}},"/home/travis/build/npmtest/node-npmtest-json-2-csv/node_modules/json-2-csv/lib/converter.js":{"path":"/home/travis/build/npmtest/node-npmtest-json-2-csv/node_modules/json-2-csv/lib/converter.js","s":{"1":1,"2":1,"3":1,"4":0,"5":1,"6":0,"7":0,"8":0,"9":1,"10":0,"11":0,"12":0,"13":0,"14":0,"15":0,"16":0,"17":0,"18":0,"19":0,"20":0,"21":0,"22":0,"23":0,"24":0,"25":0,"26":0,"27":0,"28":0,"29":0,"30":1,"31":0,"32":0,"33":0,"34":0,"35":0,"36":0,"37":0,"38":0,"39":0,"40":0,"41":0,"42":0,"43":0,"44":0,"45":0,"46":0},"b":{"1":[0,0],"2":[0,0],"3":[0,0],"4":[0,0],"5":[0,0],"6":[0,0],"7":[0,0],"8":[0,0],"9":[0,0],"10":[0,0],"11":[0,0],"12":[0,0],"13":[0,0]},"f":{"1":0,"2":0,"3":0,"4":0,"5":0,"6":0,"7":0},"fnMap":{"1":{"name":"(anonymous_1)","line":14,"loc":{"start":{"line":14,"column":16},"end":{"line":14,"column":31}}},"2":{"name":"(anonymous_2)","line":18,"loc":{"start":{"line":18,"column":17},"end":{"line":18,"column":66}}},"3":{"name":"(anonymous_3)","line":30,"loc":{"start":{"line":30,"column":19},"end":{"line":30,"column":39}}},"4":{"name":"(anonymous_4)","line":75,"loc":{"start":{"line":75,"column":14},"end":{"line":75,"column":47}}},"5":{"name":"(anonymous_5)","line":83,"loc":{"start":{"line":83,"column":27},"end":{"line":83,"column":51}}},"6":{"name":"(anonymous_6)","line":101,"loc":{"start":{"line":101,"column":14},"end":{"line":101,"column":45}}},"7":{"name":"(anonymous_7)","line":109,"loc":{"start":{"line":109,"column":27},"end":{"line":109,"column":51}}}},"statementMap":{"1":{"start":{"line":3,"column":0},"end":{"line":7,"column":30}},"2":{"start":{"line":12,"column":0},"end":{"line":12,"column":46}},"3":{"start":{"line":14,"column":0},"end":{"line":16,"column":2}},"4":{"start":{"line":15,"column":4},"end":{"line":15,"column":31}},"5":{"start":{"line":18,"column":0},"end":{"line":23,"column":2}},"6":{"start":{"line":19,"column":4},"end":{"line":19,"column":70}},"7":{"start":{"line":20,"column":4},"end":{"line":22,"column":5}},"8":{"start":{"line":21,"column":8},"end":{"line":21,"column":64}},"9":{"start":{"line":30,"column":0},"end":{"line":62,"column":2}},"10":{"start":{"line":33,"column":4},"end":{"line":33,"column":96}},"11":{"start":{"line":33,"column":45},"end":{"line":33,"column":94}},"12":{"start":{"line":36,"column":4},"end":{"line":50,"column":5}},"13":{"start":{"line":37,"column":8},"end":{"line":37,"column":60}},"14":{"start":{"line":38,"column":8},"end":{"line":38,"column":67}},"15":{"start":{"line":39,"column":8},"end":{"line":39,"column":54}},"16":{"start":{"line":40,"column":8},"end":{"line":40,"column":65}},"17":{"start":{"line":41,"column":8},"end":{"line":41,"column":41}},"18":{"start":{"line":42,"column":8},"end":{"line":42,"column":79}},"19":{"start":{"line":43,"column":8},"end":{"line":43,"column":65}},"20":{"start":{"line":44,"column":8},"end":{"line":49,"column":9}},"21":{"start":{"line":45,"column":12},"end":{"line":45,"column":67}},"22":{"start":{"line":46,"column":12},"end":{"line":46,"column":67}},"23":{"start":{"line":47,"column":12},"end":{"line":47,"column":65}},"24":{"start":{"line":48,"column":12},"end":{"line":48,"column":63}},"25":{"start":{"line":52,"column":4},"end":{"line":52,"column":50}},"26":{"start":{"line":55,"column":4},"end":{"line":55,"column":80}},"27":{"start":{"line":58,"column":4},"end":{"line":58,"column":119}},"28":{"start":{"line":58,"column":57},"end":{"line":58,"column":117}},"29":{"start":{"line":61,"column":4},"end":{"line":61,"column":26}},"30":{"start":{"line":65,"column":0},"end":{"line":117,"column":2}},"31":{"start":{"line":77,"column":8},"end":{"line":81,"column":9}},"32":{"start":{"line":78,"column":12},"end":{"line":78,"column":28}},"33":{"start":{"line":79,"column":12},"end":{"line":79,"column":28}},"34":{"start":{"line":80,"column":12},"end":{"line":80,"column":28}},"35":{"start":{"line":83,"column":8},"end":{"line":89,"column":11}},"36":{"start":{"line":84,"column":12},"end":{"line":88,"column":13}},"37":{"start":{"line":85,"column":16},"end":{"line":85,"column":37}},"38":{"start":{"line":87,"column":16},"end":{"line":87,"column":60}},"39":{"start":{"line":103,"column":8},"end":{"line":107,"column":9}},"40":{"start":{"line":104,"column":12},"end":{"line":104,"column":28}},"41":{"start":{"line":105,"column":12},"end":{"line":105,"column":28}},"42":{"start":{"line":106,"column":12},"end":{"line":106,"column":28}},"43":{"start":{"line":109,"column":8},"end":{"line":115,"column":11}},"44":{"start":{"line":110,"column":12},"end":{"line":114,"column":13}},"45":{"start":{"line":111,"column":16},"end":{"line":111,"column":37}},"46":{"start":{"line":113,"column":16},"end":{"line":113,"column":58}}},"branchMap":{"1":{"line":20,"type":"if","locations":[{"start":{"line":20,"column":4},"end":{"line":20,"column":4}},{"start":{"line":20,"column":4},"end":{"line":20,"column":4}}]},"2":{"line":33,"type":"if","locations":[{"start":{"line":33,"column":4},"end":{"line":33,"column":4}},{"start":{"line":33,"column":4},"end":{"line":33,"column":4}}]},"3":{"line":36,"type":"if","locations":[{"start":{"line":36,"column":4},"end":{"line":36,"column":4}},{"start":{"line":36,"column":4},"end":{"line":36,"column":4}}]},"4":{"line":44,"type":"if","locations":[{"start":{"line":44,"column":8},"end":{"line":44,"column":8}},{"start":{"line":44,"column":8},"end":{"line":44,"column":8}}]},"5":{"line":52,"type":"binary-expr","locations":[{"start":{"line":52,"column":22},"end":{"line":52,"column":26}},{"start":{"line":52,"column":30},"end":{"line":52,"column":32}}]},"6":{"line":55,"type":"binary-expr","locations":[{"start":{"line":55,"column":32},"end":{"line":55,"column":46}},{"start":{"line":55,"column":50},"end":{"line":55,"column":52}}]},"7":{"line":58,"type":"if","locations":[{"start":{"line":58,"column":4},"end":{"line":58,"column":4}},{"start":{"line":58,"column":4},"end":{"line":58,"column":4}}]},"8":{"line":77,"type":"if","locations":[{"start":{"line":77,"column":8},"end":{"line":77,"column":8}},{"start":{"line":77,"column":8},"end":{"line":77,"column":8}}]},"9":{"line":77,"type":"binary-expr","locations":[{"start":{"line":77,"column":12},"end":{"line":77,"column":32}},{"start":{"line":77,"column":36},"end":{"line":77,"column":59}}]},"10":{"line":84,"type":"if","locations":[{"start":{"line":84,"column":12},"end":{"line":84,"column":12}},{"start":{"line":84,"column":12},"end":{"line":84,"column":12}}]},"11":{"line":103,"type":"if","locations":[{"start":{"line":103,"column":8},"end":{"line":103,"column":8}},{"start":{"line":103,"column":8},"end":{"line":103,"column":8}}]},"12":{"line":103,"type":"binary-expr","locations":[{"start":{"line":103,"column":12},"end":{"line":103,"column":32}},{"start":{"line":103,"column":36},"end":{"line":103,"column":59}}]},"13":{"line":110,"type":"if","locations":[{"start":{"line":110,"column":12},"end":{"line":110,"column":12}},{"start":{"line":110,"column":12},"end":{"line":110,"column":12}}]}},"code":["'use strict';","","var json2Csv = require('./json-2-csv'), // Require our json-2-csv code","    csv2Json = require('./csv-2-json'), // Require our csv-2-json code","    constants = require('./constants.json'), // Require in constants","    docPath = require('doc-path'),","    _ = require('underscore'); // Require underscore","","/**"," * Default options"," */","var defaultOptions = constants.DefaultOptions;","","var isDefined = function (val) {","    return !_.isUndefined(val);","};","","var copyOption = function (options, lowercasePath, uppercasePath) {","    var lowerCaseValue = docPath.evaluatePath(options, lowercasePath);","    if (isDefined(lowerCaseValue)) {","        docPath.setPath(options, uppercasePath, lowerCaseValue);","    }","};","","/**"," * Build the options to be passed to the appropriate function"," * If a user does not provide custom options, then we use our default"," * If options are provided, then we set each valid key that was passed"," */","var buildOptions = function (opts, cb) {","    // PREVIOUS VERSION SUPPORT (so that future versions are backwards compatible)","    // Issue #26: opts.EOL should be opts.DELIMITER.EOL -- this will move the option & provide backwards compatibility","    if (docPath.evaluatePath(opts, 'EOL')) { docPath.setPath(opts, 'DELIMITER.EOL', opts.EOL); }","    ","    // #62: Allow for lower case option names","    if (opts) {","        copyOption(opts, 'prependHeader', 'PREPEND_HEADER');","        copyOption(opts, 'trimHeaderFields', 'TRIM_HEADER_FIELDS');","        copyOption(opts, 'sortHeader', 'SORT_HEADER');","        copyOption(opts, 'parseCsvNumbers', 'PARSE_CSV_NUMBERS');","        copyOption(opts, 'keys', 'KEYS');","        copyOption(opts, 'checkSchemaDifferences', 'CHECK_SCHEMA_DIFFERENCES');","        copyOption(opts, 'emptyFieldValue', 'EMPTY_FIELD_VALUE');","        if (isDefined(opts.delimiter)) { ","            copyOption(opts, 'delimiter.field', 'DELIMITER.FIELD');","            copyOption(opts, 'delimiter.array', 'DELIMITER.ARRAY');","            copyOption(opts, 'delimiter.wrap', 'DELIMITER.WRAP');","            copyOption(opts, 'delimiter.eol', 'DELIMITER.EOL');","        }","    }","","    opts = _.defaults(opts || {}, defaultOptions);","","    // Note: _.defaults does a shallow default, we need to deep copy the DELIMITER object","    opts.DELIMITER = _.defaults(opts.DELIMITER || {}, defaultOptions.DELIMITER);","","    // If the delimiter fields are the same, report an error to the caller","    if (opts.DELIMITER.FIELD === opts.DELIMITER.ARRAY) { return cb(new Error(constants.Errors.delimitersMustDiffer)); }","    ","    // Otherwise, send the options back","    return cb(null, opts);","};","","// Export the following functions that will be client accessible","module.exports = {","","    /**","     * Client accessible json2csv function","     * Takes an array of JSON documents to be converted, a callback that will be called with (err, csv)","     * after processing is complete, and optional options","     * @param array Object[] data to be converted","     * @param callback Function callback","     * @param opts Object options object","     */","    json2csv: function (array, callback, opts) {","        // If this was promisified (callback and opts are swapped) then fix the argument order.","        if (_.isObject(callback) && !_.isFunction(callback)) {","            var func = opts;","            opts = callback;","            callback = func;","        }","","        buildOptions(opts, function (err, options) { // Build the options","            if (err) {","                return callback(err);","            } else {","                json2Csv.json2csv(options, array, callback); // Call our internal json2csv function","            }","        });","    },","","    ","    /**","     * Client accessible csv2json function","     * Takes a string of CSV to be converted to a JSON document array, a callback that will be called","     * with (err, json) after processing is complete, and optional options","     * @param csv","     * @param callback","     * @param opts","     */","    csv2json: function (csv, callback, opts) {","        // If this was promisified (callback and opts are swapped) then fix the argument order.","        if (_.isObject(callback) && !_.isFunction(callback)) {","            var func = opts;","            opts = callback;","            callback = func;","        }","","        buildOptions(opts, function (err, options) { // Build the options","            if (err) {","                return callback(err);","            } else {","                csv2Json.csv2json(options, csv, callback); // Call our internal csv2json function","            }","        });","    }","};",""],"l":{"3":1,"12":1,"14":1,"15":0,"18":1,"19":0,"20":0,"21":0,"30":1,"33":0,"36":0,"37":0,"38":0,"39":0,"40":0,"41":0,"42":0,"43":0,"44":0,"45":0,"46":0,"47":0,"48":0,"52":0,"55":0,"58":0,"61":0,"65":1,"77":0,"78":0,"79":0,"80":0,"83":0,"84":0,"85":0,"87":0,"103":0,"104":0,"105":0,"106":0,"109":0,"110":0,"111":0,"113":0}},"/home/travis/build/npmtest/node-npmtest-json-2-csv/node_modules/json-2-csv/lib/json-2-csv.js":{"path":"/home/travis/build/npmtest/node-npmtest-json-2-csv/node_modules/json-2-csv/lib/json-2-csv.js","s":{"1":1,"2":1,"3":1,"4":0,"5":0,"6":0,"7":0,"8":0,"9":0,"10":0,"11":0,"12":0,"13":0,"14":0,"15":0,"16":0,"17":0,"18":0,"19":0,"20":0,"21":0,"22":0,"23":0,"24":0,"25":0,"26":1,"27":0,"28":0,"29":0,"30":0,"31":0,"32":0,"33":0,"34":1,"35":0,"36":0,"37":0,"38":0,"39":0,"40":1,"41":0,"42":0,"43":0,"44":0,"45":0,"46":0,"47":0,"48":0,"49":0,"50":0,"51":0,"52":0,"53":0,"54":0,"55":0,"56":0,"57":0,"58":1,"59":0,"60":0,"61":1,"62":0,"63":0,"64":1,"65":0,"66":0,"67":0,"68":0,"69":0,"70":0,"71":0,"72":0,"73":0,"74":0,"75":0,"76":0,"77":0,"78":0,"79":0,"80":0,"81":0,"82":0,"83":0,"84":0,"85":0,"86":0},"b":{"1":[0,0],"2":[0,0],"3":[0,0],"4":[0,0],"5":[0,0],"6":[0,0],"7":[0,0],"8":[0,0],"9":[0,0],"10":[0,0],"11":[0,0],"12":[0,0,0,0],"13":[0,0],"14":[0,0],"15":[0,0],"16":[0,0],"17":[0,0],"18":[0,0],"19":[0,0],"20":[0,0],"21":[0,0],"22":[0,0],"23":[0,0],"24":[0,0],"25":[0,0],"26":[0,0],"27":[0,0],"28":[0,0],"29":[0,0],"30":[0,0],"31":[0,0],"32":[0,0],"33":[0,0],"34":[0,0],"35":[0,0]},"f":{"1":0,"2":0,"3":0,"4":0,"5":0,"6":0,"7":0,"8":0,"9":0,"10":0,"11":0,"12":0,"13":0,"14":0,"15":0,"16":0,"17":0,"18":0},"fnMap":{"1":{"name":"(anonymous_1)","line":16,"loc":{"start":{"line":16,"column":22},"end":{"line":16,"column":37}}},"2":{"name":"(anonymous_2)","line":19,"loc":{"start":{"line":19,"column":27},"end":{"line":19,"column":53}}},"3":{"name":"(anonymous_3)","line":39,"loc":{"start":{"line":39,"column":21},"end":{"line":39,"column":40}}},"4":{"name":"(anonymous_4)","line":56,"loc":{"start":{"line":56,"column":21},"end":{"line":56,"column":40}}},"5":{"name":"(anonymous_5)","line":74,"loc":{"start":{"line":74,"column":30},"end":{"line":74,"column":54}}},"6":{"name":"(anonymous_6)","line":77,"loc":{"start":{"line":77,"column":43},"end":{"line":77,"column":65}}},"7":{"name":"(anonymous_7)","line":99,"loc":{"start":{"line":99,"column":14},"end":{"line":99,"column":36}}},"8":{"name":"(anonymous_8)","line":101,"loc":{"start":{"line":101,"column":26},"end":{"line":101,"column":49}}},"9":{"name":"(anonymous_9)","line":115,"loc":{"start":{"line":115,"column":19},"end":{"line":115,"column":36}}},"10":{"name":"(anonymous_10)","line":118,"loc":{"start":{"line":118,"column":22},"end":{"line":118,"column":37}}},"11":{"name":"(anonymous_11)","line":140,"loc":{"start":{"line":140,"column":19},"end":{"line":140,"column":34}}},"12":{"name":"(anonymous_12)","line":154,"loc":{"start":{"line":154,"column":18},"end":{"line":154,"column":47}}},"13":{"name":"(anonymous_13)","line":156,"loc":{"start":{"line":156,"column":47},"end":{"line":156,"column":67}}},"14":{"name":"(anonymous_14)","line":170,"loc":{"start":{"line":170,"column":14},"end":{"line":170,"column":46}}},"15":{"name":"(anonymous_15)","line":193,"loc":{"start":{"line":193,"column":20},"end":{"line":193,"column":51}}},"16":{"name":"(anonymous_16)","line":196,"loc":{"start":{"line":196,"column":51},"end":{"line":196,"column":72}}},"17":{"name":"(anonymous_17)","line":202,"loc":{"start":{"line":202,"column":51},"end":{"line":202,"column":73}}},"18":{"name":"(anonymous_18)","line":215,"loc":{"start":{"line":215,"column":19},"end":{"line":215,"column":34}}}},"statementMap":{"1":{"start":{"line":3,"column":0},"end":{"line":6,"column":34}},"2":{"start":{"line":8,"column":0},"end":{"line":8,"column":17}},"3":{"start":{"line":16,"column":0},"end":{"line":66,"column":2}},"4":{"start":{"line":17,"column":4},"end":{"line":17,"column":63}},"5":{"start":{"line":17,"column":24},"end":{"line":17,"column":61}},"6":{"start":{"line":19,"column":4},"end":{"line":24,"column":7}},"7":{"start":{"line":20,"column":8},"end":{"line":23,"column":9}},"8":{"start":{"line":22,"column":12},"end":{"line":22,"column":57}},"9":{"start":{"line":26,"column":4},"end":{"line":26,"column":24}},"10":{"start":{"line":29,"column":4},"end":{"line":59,"column":5}},"11":{"start":{"line":32,"column":8},"end":{"line":34,"column":9}},"12":{"start":{"line":33,"column":12},"end":{"line":33,"column":58}},"13":{"start":{"line":36,"column":8},"end":{"line":37,"column":34}},"14":{"start":{"line":39,"column":8},"end":{"line":45,"column":11}},"15":{"start":{"line":41,"column":12},"end":{"line":41,"column":72}},"16":{"start":{"line":42,"column":12},"end":{"line":44,"column":13}},"17":{"start":{"line":43,"column":16},"end":{"line":43,"column":36}},"18":{"start":{"line":48,"column":8},"end":{"line":50,"column":9}},"19":{"start":{"line":49,"column":12},"end":{"line":49,"column":86}},"20":{"start":{"line":53,"column":8},"end":{"line":53,"column":40}},"21":{"start":{"line":56,"column":8},"end":{"line":58,"column":11}},"22":{"start":{"line":57,"column":12},"end":{"line":57,"column":65}},"23":{"start":{"line":61,"column":4},"end":{"line":63,"column":5}},"24":{"start":{"line":62,"column":8},"end":{"line":62,"column":26}},"25":{"start":{"line":65,"column":4},"end":{"line":65,"column":39}},"26":{"start":{"line":74,"column":0},"end":{"line":90,"column":2}},"27":{"start":{"line":75,"column":4},"end":{"line":75,"column":21}},"28":{"start":{"line":77,"column":4},"end":{"line":87,"column":7}},"29":{"start":{"line":79,"column":8},"end":{"line":79,"column":68}},"30":{"start":{"line":82,"column":8},"end":{"line":84,"column":9}},"31":{"start":{"line":83,"column":12},"end":{"line":83,"column":70}},"32":{"start":{"line":86,"column":8},"end":{"line":86,"column":23}},"33":{"start":{"line":89,"column":4},"end":{"line":89,"column":24}},"34":{"start":{"line":98,"column":0},"end":{"line":108,"column":2}},"35":{"start":{"line":101,"column":4},"end":{"line":107,"column":11}},"36":{"start":{"line":103,"column":8},"end":{"line":103,"column":53}},"37":{"start":{"line":104,"column":8},"end":{"line":104,"column":80}},"38":{"start":{"line":104,"column":40},"end":{"line":104,"column":78}},"39":{"start":{"line":106,"column":8},"end":{"line":106,"column":54}},"40":{"start":{"line":115,"column":0},"end":{"line":138,"column":2}},"41":{"start":{"line":116,"column":4},"end":{"line":135,"column":5}},"42":{"start":{"line":117,"column":8},"end":{"line":117,"column":24}},"43":{"start":{"line":118,"column":8},"end":{"line":125,"column":11}},"44":{"start":{"line":119,"column":12},"end":{"line":124,"column":13}},"45":{"start":{"line":121,"column":16},"end":{"line":121,"column":50}},"46":{"start":{"line":123,"column":16},"end":{"line":123,"column":48}},"47":{"start":{"line":126,"column":8},"end":{"line":126,"column":114}},"48":{"start":{"line":127,"column":11},"end":{"line":135,"column":5}},"49":{"start":{"line":128,"column":8},"end":{"line":128,"column":85}},"50":{"start":{"line":129,"column":11},"end":{"line":135,"column":5}},"51":{"start":{"line":130,"column":8},"end":{"line":130,"column":99}},"52":{"start":{"line":131,"column":11},"end":{"line":135,"column":5}},"53":{"start":{"line":132,"column":8},"end":{"line":132,"column":85}},"54":{"start":{"line":133,"column":11},"end":{"line":135,"column":5}},"55":{"start":{"line":134,"column":8},"end":{"line":134,"column":85}},"56":{"start":{"line":136,"column":4},"end":{"line":136,"column":138}},"57":{"start":{"line":137,"column":4},"end":{"line":137,"column":81}},"58":{"start":{"line":140,"column":0},"end":{"line":146,"column":2}},"59":{"start":{"line":142,"column":4},"end":{"line":142,"column":68}},"60":{"start":{"line":145,"column":4},"end":{"line":145,"column":56}},"61":{"start":{"line":154,"column":0},"end":{"line":159,"column":2}},"62":{"start":{"line":156,"column":4},"end":{"line":158,"column":12}},"63":{"start":{"line":157,"column":8},"end":{"line":157,"column":106}},"64":{"start":{"line":161,"column":0},"end":{"line":220,"column":2}},"65":{"start":{"line":172,"column":8},"end":{"line":172,"column":78}},"66":{"start":{"line":172,"column":25},"end":{"line":172,"column":76}},"67":{"start":{"line":175,"column":8},"end":{"line":175,"column":84}},"68":{"start":{"line":175,"column":21},"end":{"line":175,"column":82}},"69":{"start":{"line":176,"column":8},"end":{"line":176,"column":23}},"70":{"start":{"line":179,"column":8},"end":{"line":179,"column":111}},"71":{"start":{"line":179,"column":21},"end":{"line":179,"column":109}},"72":{"start":{"line":182,"column":8},"end":{"line":188,"column":9}},"73":{"start":{"line":183,"column":12},"end":{"line":183,"column":90}},"74":{"start":{"line":186,"column":13},"end":{"line":188,"column":9}},"75":{"start":{"line":187,"column":12},"end":{"line":187,"column":26}},"76":{"start":{"line":191,"column":8},"end":{"line":217,"column":15}},"77":{"start":{"line":195,"column":16},"end":{"line":199,"column":17}},"78":{"start":{"line":196,"column":20},"end":{"line":198,"column":23}},"79":{"start":{"line":197,"column":24},"end":{"line":197,"column":92}},"80":{"start":{"line":201,"column":16},"end":{"line":205,"column":17}},"81":{"start":{"line":202,"column":20},"end":{"line":204,"column":23}},"82":{"start":{"line":203,"column":24},"end":{"line":203,"column":49}},"83":{"start":{"line":208,"column":16},"end":{"line":210,"column":17}},"84":{"start":{"line":209,"column":20},"end":{"line":209,"column":74}},"85":{"start":{"line":213,"column":16},"end":{"line":213,"column":119}},"86":{"start":{"line":216,"column":16},"end":{"line":216,"column":37}}},"branchMap":{"1":{"line":17,"type":"if","locations":[{"start":{"line":17,"column":4},"end":{"line":17,"column":4}},{"start":{"line":17,"column":4},"end":{"line":17,"column":4}}]},"2":{"line":20,"type":"if","locations":[{"start":{"line":20,"column":8},"end":{"line":20,"column":8}},{"start":{"line":20,"column":8},"end":{"line":20,"column":8}}]},"3":{"line":29,"type":"if","locations":[{"start":{"line":29,"column":4},"end":{"line":29,"column":4}},{"start":{"line":29,"column":4},"end":{"line":29,"column":4}}]},"4":{"line":32,"type":"if","locations":[{"start":{"line":32,"column":8},"end":{"line":32,"column":8}},{"start":{"line":32,"column":8},"end":{"line":32,"column":8}}]},"5":{"line":32,"type":"binary-expr","locations":[{"start":{"line":32,"column":12},"end":{"line":32,"column":16}},{"start":{"line":32,"column":20},"end":{"line":32,"column":36}}]},"6":{"line":33,"type":"binary-expr","locations":[{"start":{"line":33,"column":35},"end":{"line":33,"column":50}},{"start":{"line":33,"column":54},"end":{"line":33,"column":56}}]},"7":{"line":42,"type":"if","locations":[{"start":{"line":42,"column":12},"end":{"line":42,"column":12}},{"start":{"line":42,"column":12},"end":{"line":42,"column":12}}]},"8":{"line":48,"type":"if","locations":[{"start":{"line":48,"column":8},"end":{"line":48,"column":8}},{"start":{"line":48,"column":8},"end":{"line":48,"column":8}}]},"9":{"line":61,"type":"if","locations":[{"start":{"line":61,"column":4},"end":{"line":61,"column":4}},{"start":{"line":61,"column":4},"end":{"line":61,"column":4}}]},"10":{"line":79,"type":"cond-expr","locations":[{"start":{"line":79,"column":28},"end":{"line":79,"column":54}},{"start":{"line":79,"column":57},"end":{"line":79,"column":67}}]},"11":{"line":82,"type":"if","locations":[{"start":{"line":82,"column":8},"end":{"line":82,"column":8}},{"start":{"line":82,"column":8},"end":{"line":82,"column":8}}]},"12":{"line":82,"type":"binary-expr","locations":[{"start":{"line":82,"column":12},"end":{"line":82,"column":40}},{"start":{"line":82,"column":44},"end":{"line":82,"column":71}},{"start":{"line":82,"column":75},"end":{"line":82,"column":103}},{"start":{"line":82,"column":107},"end":{"line":82,"column":138}}]},"13":{"line":104,"type":"if","locations":[{"start":{"line":104,"column":8},"end":{"line":104,"column":8}},{"start":{"line":104,"column":8},"end":{"line":104,"column":8}}]},"14":{"line":116,"type":"if","locations":[{"start":{"line":116,"column":4},"end":{"line":116,"column":4}},{"start":{"line":116,"column":4},"end":{"line":116,"column":4}}]},"15":{"line":119,"type":"if","locations":[{"start":{"line":119,"column":12},"end":{"line":119,"column":12}},{"start":{"line":119,"column":12},"end":{"line":119,"column":12}}]},"16":{"line":127,"type":"if","locations":[{"start":{"line":127,"column":11},"end":{"line":127,"column":11}},{"start":{"line":127,"column":11},"end":{"line":127,"column":11}}]},"17":{"line":129,"type":"if","locations":[{"start":{"line":129,"column":11},"end":{"line":129,"column":11}},{"start":{"line":129,"column":11},"end":{"line":129,"column":11}}]},"18":{"line":131,"type":"if","locations":[{"start":{"line":131,"column":11},"end":{"line":131,"column":11}},{"start":{"line":131,"column":11},"end":{"line":131,"column":11}}]},"19":{"line":133,"type":"if","locations":[{"start":{"line":133,"column":11},"end":{"line":133,"column":11}},{"start":{"line":133,"column":11},"end":{"line":133,"column":11}}]},"20":{"line":136,"type":"cond-expr","locations":[{"start":{"line":136,"column":46},"end":{"line":136,"column":129}},{"start":{"line":136,"column":132},"end":{"line":136,"column":137}}]},"21":{"line":136,"type":"binary-expr","locations":[{"start":{"line":136,"column":12},"end":{"line":136,"column":34}},{"start":{"line":136,"column":38},"end":{"line":136,"column":43}}]},"22":{"line":142,"type":"cond-expr","locations":[{"start":{"line":142,"column":48},"end":{"line":142,"column":50}},{"start":{"line":142,"column":53},"end":{"line":142,"column":67}}]},"23":{"line":142,"type":"binary-expr","locations":[{"start":{"line":142,"column":10},"end":{"line":142,"column":23}},{"start":{"line":142,"column":27},"end":{"line":142,"column":45}}]},"24":{"line":145,"type":"cond-expr","locations":[{"start":{"line":145,"column":39},"end":{"line":145,"column":49}},{"start":{"line":145,"column":52},"end":{"line":145,"column":55}}]},"25":{"line":172,"type":"if","locations":[{"start":{"line":172,"column":8},"end":{"line":172,"column":8}},{"start":{"line":172,"column":8},"end":{"line":172,"column":8}}]},"26":{"line":175,"type":"if","locations":[{"start":{"line":175,"column":8},"end":{"line":175,"column":8}},{"start":{"line":175,"column":8},"end":{"line":175,"column":8}}]},"27":{"line":179,"type":"if","locations":[{"start":{"line":179,"column":8},"end":{"line":179,"column":8}},{"start":{"line":179,"column":8},"end":{"line":179,"column":8}}]},"28":{"line":182,"type":"if","locations":[{"start":{"line":182,"column":8},"end":{"line":182,"column":8}},{"start":{"line":182,"column":8},"end":{"line":182,"column":8}}]},"29":{"line":186,"type":"if","locations":[{"start":{"line":186,"column":13},"end":{"line":186,"column":13}},{"start":{"line":186,"column":13},"end":{"line":186,"column":13}}]},"30":{"line":186,"type":"binary-expr","locations":[{"start":{"line":186,"column":17},"end":{"line":186,"column":33}},{"start":{"line":186,"column":37},"end":{"line":186,"column":49}}]},"31":{"line":195,"type":"if","locations":[{"start":{"line":195,"column":16},"end":{"line":195,"column":16}},{"start":{"line":195,"column":16},"end":{"line":195,"column":16}}]},"32":{"line":195,"type":"binary-expr","locations":[{"start":{"line":195,"column":20},"end":{"line":195,"column":42}},{"start":{"line":195,"column":46},"end":{"line":195,"column":68}}]},"33":{"line":201,"type":"if","locations":[{"start":{"line":201,"column":16},"end":{"line":201,"column":16}},{"start":{"line":201,"column":16},"end":{"line":201,"column":16}}]},"34":{"line":208,"type":"if","locations":[{"start":{"line":208,"column":16},"end":{"line":208,"column":16}},{"start":{"line":208,"column":16},"end":{"line":208,"column":16}}]},"35":{"line":213,"type":"cond-expr","locations":[{"start":{"line":213,"column":63},"end":{"line":213,"column":107}},{"start":{"line":213,"column":110},"end":{"line":213,"column":117}}]}},"code":["'use strict';","","var _ = require('underscore'),","    constants = require('./constants.json'),","    path = require('doc-path'),","    promise = require('bluebird');","","var options = {}; // Initialize the options - this will be populated when the json2csv function is called.","","/**"," * Retrieve the headings for all documents and return it."," * This checks that all documents have the same schema."," * @param data"," * @returns {promise}"," */","var generateHeading = function(data) {","    if (options.KEYS) { return promise.resolve(options.KEYS); }","","    var keys = _.map(data, function (document, indx) { // for each key","        if (_.isObject(document)) {","            // if the data at the key is a document, then we retrieve the subHeading starting with an empty string heading and the doc","            return generateDocumentHeading('', document);","        }","    });","    ","    var uniqueKeys = [];","","    // If the user wants to check for the same schema:","    if (options.CHECK_SCHEMA_DIFFERENCES) {","        // Check for a consistent schema that does not require the same order:","        // if we only have one document - then there is no possibility of multiple schemas","        if (keys && keys.length <= 1) {","            return promise.resolve(_.flatten(keys) || []);","        }","        // else - multiple documents - ensure only one schema (regardless of field ordering)","        var firstDocSchema = _.flatten(keys[0]),","            schemaDifferences = 0;","","        _.each(keys, function (keyList) {","            // If there is a difference between the schemas, increment the counter of schema inconsistencies","            var diff = _.difference(firstDocSchema, _.flatten(keyList));","            if (!_.isEqual(diff, [])) {","                schemaDifferences++;","            }","        });","","        // If there are schema inconsistencies, throw a schema not the same error","        if (schemaDifferences) {","            return promise.reject(new Error(constants.Errors.json2csv.notSameSchema));","        }","","","        uniqueKeys = _.flatten(keys[0]);","    } else {","        // Otherwise, we do not care if the schemas are different, so we should merge them via union:","        _.each(keys, function (keyList) {","            uniqueKeys = _.union(uniqueKeys, _.flatten(keyList));",
[...]
art":{"line":94,"column":4},"end":{"line":99,"column":30}},"26":{"start":{"line":98,"column":12},"end":{"line":98,"column":61}},"27":{"start":{"line":101,"column":4},"end":{"line":105,"column":11}},"28":{"start":{"line":102,"column":8},"end":{"line":102,"column":44}},"29":{"start":{"line":102,"column":21},"end":{"line":102,"column":42}},"30":{"start":{"line":103,"column":8},"end":{"line":103,"column":69}},"31":{"start":{"line":104,"column":8},"end":{"line":104,"column":55}},"32":{"start":{"line":112,"column":0},"end":{"line":188,"column":2}},"33":{"start":{"line":114,"column":4},"end":{"line":114,"column":80}},"34":{"start":{"line":114,"column":35},"end":{"line":114,"column":78}},"35":{"start":{"line":117,"column":4},"end":{"line":127,"column":18}},"36":{"start":{"line":130,"column":4},"end":{"line":185,"column":5}},"37":{"start":{"line":132,"column":8},"end":{"line":132,"column":33}},"38":{"start":{"line":134,"column":8},"end":{"line":134,"column":50}},"39":{"start":{"line":136,"column":8},"end":{"line":136,"column":70}},"40":{"start":{"line":139,"column":8},"end":{"line":182,"column":9}},"41":{"start":{"line":140,"column":12},"end":{"line":140,"column":126}},"42":{"start":{"line":143,"column":13},"end":{"line":182,"column":9}},"43":{"start":{"line":144,"column":12},"end":{"line":144,"column":54}},"44":{"start":{"line":145,"column":12},"end":{"line":145,"column":47}},"45":{"start":{"line":146,"column":12},"end":{"line":146,"column":50}},"46":{"start":{"line":150,"column":13},"end":{"line":182,"column":9}},"47":{"start":{"line":151,"column":12},"end":{"line":151,"column":77}},"48":{"start":{"line":152,"column":12},"end":{"line":152,"column":50}},"49":{"start":{"line":153,"column":12},"end":{"line":153,"column":55}},"50":{"start":{"line":154,"column":12},"end":{"line":154,"column":48}},"51":{"start":{"line":157,"column":13},"end":{"line":182,"column":9}},"52":{"start":{"line":158,"column":12},"end":{"line":160,"column":13}},"53":{"start":{"line":159,"column":16},"end":{"line":159,"column":83}},"54":{"start":{"line":161,"column":12},"end":{"line":161,"column":54}},"55":{"start":{"line":162,"column":12},"end":{"line":162,"column":47}},"56":{"start":{"line":163,"column":12},"end":{"line":163,"column":50}},"57":{"start":{"line":166,"column":13},"end":{"line":182,"column":9}},"58":{"start":{"line":169,"column":12},"end":{"line":169,"column":77}},"59":{"start":{"line":170,"column":12},"end":{"line":170,"column":50}},"60":{"start":{"line":172,"column":13},"end":{"line":182,"column":9}},"61":{"start":{"line":174,"column":12},"end":{"line":174,"column":55}},"62":{"start":{"line":175,"column":12},"end":{"line":175,"column":47}},"63":{"start":{"line":176,"column":12},"end":{"line":176,"column":50}},"64":{"start":{"line":178,"column":13},"end":{"line":182,"column":9}},"65":{"start":{"line":179,"column":12},"end":{"line":179,"column":62}},"66":{"start":{"line":180,"column":12},"end":{"line":180,"column":20}},"67":{"start":{"line":181,"column":12},"end":{"line":181,"column":33}},"68":{"start":{"line":184,"column":8},"end":{"line":184,"column":16}},"69":{"start":{"line":187,"column":4},"end":{"line":187,"column":21}},"70":{"start":{"line":190,"column":0},"end":{"line":221,"column":2}},"71":{"start":{"line":201,"column":8},"end":{"line":201,"column":78}},"72":{"start":{"line":201,"column":25},"end":{"line":201,"column":76}},"73":{"start":{"line":204,"column":8},"end":{"line":204,"column":84}},"74":{"start":{"line":204,"column":21},"end":{"line":204,"column":82}},"75":{"start":{"line":205,"column":8},"end":{"line":205,"column":23}},"76":{"start":{"line":208,"column":8},"end":{"line":208,"column":111}},"77":{"start":{"line":208,"column":21},"end":{"line":208,"column":109}},"78":{"start":{"line":211,"column":8},"end":{"line":213,"column":9}},"79":{"start":{"line":212,"column":12},"end":{"line":212,"column":79}},"80":{"start":{"line":216,"column":8},"end":{"line":217,"column":47}},"81":{"start":{"line":218,"column":8},"end":{"line":218,"column":36}}},"branchMap":{"1":{"line":17,"type":"if","locations":[{"start":{"line":17,"column":4},"end":{"line":17,"column":4}},{"start":{"line":17,"column":4},"end":{"line":17,"column":4}}]},"2":{"line":25,"type":"cond-expr","locations":[{"start":{"line":25,"column":52},"end":{"line":25,"column":68}},{"start":{"line":25,"column":71},"end":{"line":25,"column":80}}]},"3":{"line":38,"type":"binary-expr","locations":[{"start":{"line":38,"column":12},"end":{"line":38,"column":17}},{"start":{"line":38,"column":21},"end":{"line":38,"column":43}}]},"4":{"line":73,"type":"cond-expr","locations":[{"start":{"line":73,"column":32},"end":{"line":73,"column":47}},{"start":{"line":73,"column":50},"end":{"line":73,"column":54}}]},"5":{"line":76,"type":"cond-expr","locations":[{"start":{"line":76,"column":60},"end":{"line":76,"column":70}},{"start":{"line":76,"column":73},"end":{"line":76,"column":76}}]},"6":{"line":76,"type":"binary-expr","locations":[{"start":{"line":76,"column":14},"end":{"line":76,"column":39}},{"start":{"line":76,"column":43},"end":{"line":76,"column":57}}]},"7":{"line":79,"type":"if","locations":[{"start":{"line":79,"column":8},"end":{"line":79,"column":8}},{"start":{"line":79,"column":8},"end":{"line":79,"column":8}}]},"8":{"line":97,"type":"cond-expr","locations":[{"start":{"line":97,"column":33},"end":{"line":99,"column":10}},{"start":{"line":99,"column":13},"end":{"line":99,"column":29}}]},"9":{"line":102,"type":"if","locations":[{"start":{"line":102,"column":8},"end":{"line":102,"column":8}},{"start":{"line":102,"column":8},"end":{"line":102,"column":8}}]},"10":{"line":114,"type":"if","locations":[{"start":{"line":114,"column":4},"end":{"line":114,"column":4}},{"start":{"line":114,"column":4},"end":{"line":114,"column":4}}]},"11":{"line":134,"type":"cond-expr","locations":[{"start":{"line":134,"column":29},"end":{"line":134,"column":44}},{"start":{"line":134,"column":47},"end":{"line":134,"column":49}}]},"12":{"line":136,"type":"cond-expr","locations":[{"start":{"line":136,"column":49},"end":{"line":136,"column":64}},{"start":{"line":136,"column":67},"end":{"line":136,"column":69}}]},"13":{"line":139,"type":"if","locations":[{"start":{"line":139,"column":8},"end":{"line":139,"column":8}},{"start":{"line":139,"column":8},"end":{"line":139,"column":8}}]},"14":{"line":140,"type":"cond-expr","locations":[{"start":{"line":140,"column":106},"end":{"line":140,"column":111}},{"start":{"line":140,"column":114},"end":{"line":140,"column":123}}]},"15":{"line":143,"type":"if","locations":[{"start":{"line":143,"column":13},"end":{"line":143,"column":13}},{"start":{"line":143,"column":13},"end":{"line":143,"column":13}}]},"16":{"line":143,"type":"binary-expr","locations":[{"start":{"line":143,"column":17},"end":{"line":143,"column":53}},{"start":{"line":143,"column":57},"end":{"line":143,"column":68}}]},"17":{"line":150,"type":"if","locations":[{"start":{"line":150,"column":13},"end":{"line":150,"column":13}},{"start":{"line":150,"column":13},"end":{"line":150,"column":13}}]},"18":{"line":150,"type":"binary-expr","locations":[{"start":{"line":150,"column":17},"end":{"line":150,"column":53}},{"start":{"line":150,"column":57},"end":{"line":150,"column":94}}]},"19":{"line":157,"type":"if","locations":[{"start":{"line":157,"column":13},"end":{"line":157,"column":13}},{"start":{"line":157,"column":13},"end":{"line":157,"column":13}}]},"20":{"line":157,"type":"binary-expr","locations":[{"start":{"line":157,"column":17},"end":{"line":157,"column":53}},{"start":{"line":157,"column":57},"end":{"line":157,"column":95}}]},"21":{"line":158,"type":"if","locations":[{"start":{"line":158,"column":12},"end":{"line":158,"column":12}},{"start":{"line":158,"column":12},"end":{"line":158,"column":12}}]},"22":{"line":166,"type":"if","locations":[{"start":{"line":166,"column":13},"end":{"line":166,"column":13}},{"start":{"line":166,"column":13},"end":{"line":166,"column":13}}]},"23":{"line":166,"type":"binary-expr","locations":[{"start":{"line":166,"column":17},"end":{"line":166,"column":54}},{"start":{"line":166,"column":58},"end":{"line":166,"column":95}},{"start":{"line":167,"column":20},"end":{"line":167,"column":56}},{"start":{"line":167,"column":60},"end":{"line":167,"column":95}},{"start":{"line":168,"column":20},"end":{"line":168,"column":47}}]},"24":{"line":172,"type":"if","locations":[{"start":{"line":172,"column":13},"end":{"line":172,"column":13}},{"start":{"line":172,"column":13},"end":{"line":172,"column":13}}]},"25":{"line":172,"type":"binary-expr","locations":[{"start":{"line":172,"column":17},"end":{"line":172,"column":54}},{"start":{"line":172,"column":58},"end":{"line":172,"column":95}},{"start":{"line":173,"column":20},"end":{"line":173,"column":56}}]},"26":{"line":178,"type":"if","locations":[{"start":{"line":178,"column":13},"end":{"line":178,"column":13}},{"start":{"line":178,"column":13},"end":{"line":178,"column":13}}]},"27":{"line":178,"type":"binary-expr","locations":[{"start":{"line":178,"column":17},"end":{"line":178,"column":35}},{"start":{"line":178,"column":39},"end":{"line":178,"column":75}},{"start":{"line":178,"column":79},"end":{"line":178,"column":113}}]},"28":{"line":201,"type":"if","locations":[{"start":{"line":201,"column":8},"end":{"line":201,"column":8}},{"start":{"line":201,"column":8},"end":{"line":201,"column":8}}]},"29":{"line":204,"type":"if","locations":[{"start":{"line":204,"column":8},"end":{"line":204,"column":8}},{"start":{"line":204,"column":8},"end":{"line":204,"column":8}}]},"30":{"line":208,"type":"if","locations":[{"start":{"line":208,"column":8},"end":{"line":208,"column":8}},{"start":{"line":208,"column":8},"end":{"line":208,"column":8}}]},"31":{"line":211,"type":"if","locations":[{"start":{"line":211,"column":8},"end":{"line":211,"column":8}},{"start":{"line":211,"column":8},"end":{"line":211,"column":8}}]}},"code":["'use strict';","","var _ = require('underscore'),","    path = require('doc-path'),","    constants = require('./constants.json');","","var options = {}; // Initialize the options - this will be populated when the csv2json function is called.","","/**"," * Generate the JSON heading from the CSV"," * @param lines"," * @param callback"," * @returns {*}"," */","var retrieveHeading = function (lines, callback) {","    // If there are no lines passed in, return an error","    if (!lines.length) {","        return callback(new Error(constants.Errors.csv2json.noDataRetrieveHeading)); // Pass an error back to the user","    }","","    // Generate and return the heading keys","    return _.map(splitLine(lines[0]),","        function (headerKey, index) {","            return {","                value: options.TRIM_HEADER_FIELDS ? headerKey.trim() : headerKey,","                index: index","            };","        });","};","","/**"," * Does the given value represent an array?"," * @param value"," * @returns {boolean}"," */","var isArrayRepresentation = function (value) {","    // Verify that there is a value and it starts with '[' and ends with ']'","    return (value && /^\\[.*\\]$/.test(value));","};","","/**"," * Converts the value from a CSV 'array'"," * @param val"," * @returns {Array}"," */","var convertArrayRepresentation = function (arrayRepresentation) {","    // Remove the '[' and ']' characters","    arrayRepresentation = arrayRepresentation.replace(/(\\[|\\])/g, '');","","    // Split the arrayRepresentation into an array by the array delimiter","    arrayRepresentation = arrayRepresentation.split(options.DELIMITER.ARRAY);","","    // Filter out non-empty strings","    return _.filter(arrayRepresentation, function (value) {","        return value;","    });","};","","/**"," * Create a JSON document with the given keys (designated by the CSV header)"," *   and the values (from the given line)"," * @param keys String[]"," * @param line String"," * @returns {Object} created json document"," */","var createDocument = function (keys, line) {","    line = splitLine(line); // Split the line using the given field delimiter after trimming whitespace","    var val; // Temporary variable to set the current key's value to","","    // Reduce the keys into a JSON document representing the given line","    return _.reduce(keys, function (document, key) {","        // If there is a value at the key's index in the line, set the value; otherwise null","        val = line[key.index] ? line[key.index] : null;","        ","        // If the user wants to trim field values, trim the value","        val = options.TRIM_FIELD_VALUES && !_.isNull(val) ? val.trim() : val;","","        // If the value is an array representation, convert it","        if (isArrayRepresentation(val)) {","            val = convertArrayRepresentation(val);","        }","        // Otherwise add the key and value to the document","        return path.setPath(document, key.value, val);","    }, {});","};","","/**"," * Main helper function to convert the CSV to the JSON document array"," * @param lines String[]"," * @param callback Function callback function"," * @returns {Array}"," */","var convertCSV = function (lines, callback) {","    var generatedHeaders = retrieveHeading(lines, callback), // Retrieve the headings from the CSV, unless the user specified the keys","        nonHeaderLines = lines.splice(1), // All lines except for the header line","    // If the user provided keys, filter the generated keys to just the user provided keys so we also have the key index","        headers = options.KEYS ? _.filter(generatedHeaders, function (headerKey) {","            return _.contains(options.KEYS, headerKey.value);","        }) : generatedHeaders;","","    return _.reduce(nonHeaderLines, function (documentArray, line) { // For each line, create the document and add it to the array of documents","        if (!line) { return documentArray; } // skip over empty lines","        var generatedDocument = createDocument(headers, line.trim());","        return documentArray.concat(generatedDocument);","    }, []);","};","","/**"," * Helper function that splits a line so that we can handle wrapped fields"," * @param line"," */","var splitLine = function (line) {","    // If the fields are not wrapped, return the line split by the field delimiter","    if (!options.DELIMITER.WRAP) { return line.split(options.DELIMITER.FIELD); }","","    // Parse out the line...","    var splitLine = [],","        character,","        charBefore,","        charAfter,","        lastCharacterIndex = line.length - 1,","        stateVariables = {","            insideWrapDelimiter: false,","            parsingValue: true,","            startIndex: 0","        },","        index = 0;","","    // Loop through each character in the line to identify where to split the values","    while(index < line.length) {","        // Current character","        character  = line[index];","        // Previous character","        charBefore = index ? line[index - 1] : '';","        // Next character","        charAfter = index < lastCharacterIndex ? line[index + 1] : '';","","        // If we reached the end of the line, add the remaining value","        if (index === lastCharacterIndex) {","            splitLine.push(line.substring(stateVariables.startIndex, stateVariables.insideWrapDelimiter ? index : undefined));","        }","        // If the line starts with a wrap delimiter","        else if (character === options.DELIMITER.WRAP && index === 0) {","            stateVariables.insideWrapDelimiter = true;","            stateVariables.parsingValue = true;","            stateVariables.startIndex = index + 1;","        }","","        // If we reached a wrap delimiter with a field delimiter after it (ie. *\",)","        else if (character === options.DELIMITER.WRAP && charAfter === options.DELIMITER.FIELD) {","            splitLine.push(line.substring(stateVariables.startIndex, index));","            stateVariables.startIndex = index + 2; // next value starts after the field delimiter","            stateVariables.insideWrapDelimiter = false;","            stateVariables.parsingValue = false;","        }","        // If we reached a wrap delimiter with a field delimiter after it (ie. ,\"*)","        else if (character === options.DELIMITER.WRAP && charBefore === options.DELIMITER.FIELD) {","            if (stateVariables.parsingValue) {","                splitLine.push(line.substring(stateVariables.startIndex, index-1));","            }","            stateVariables.insideWrapDelimiter = true;","            stateVariables.parsingValue = true;","            stateVariables.startIndex = index + 1;","        }","        // If we reached a field delimiter and are not inside the wrap delimiters (ie. *,*)","        else if (character === options.DELIMITER.FIELD && charBefore !== options.DELIMITER.WRAP &&","                    charAfter !== options.DELIMITER.WRAP && !stateVariables.insideWrapDelimiter &&","                    stateVariables.parsingValue) {","            splitLine.push(line.substring(stateVariables.startIndex, index));","            stateVariables.startIndex = index + 1;","        }","        else if (character === options.DELIMITER.FIELD && charBefore === options.DELIMITER.WRAP &&","                    charAfter !== options.DELIMITER.WRAP) {","            stateVariables.insideWrapDelimiter = false;","            stateVariables.parsingValue = true;","            stateVariables.startIndex = index + 1;","        }","        else if (character === \"\\\\\" && charAfter === options.DELIMITER.WRAP && stateVariables.insideWrapDelimiter) {","            line = line.slice(0, index) + line.slice(index+1); // Remove the current character from the line","            index--; // Move to position before to prevent moving ahead and skipping a character","            lastCharacterIndex--; // Update the value since we removed a character","        }","        // Otherwise increment to the next character","        index++;","    }","","    return splitLine;","};","","module.exports = {","","    /**","     * Internally exported csv2json function","     * Takes options as a document, data as a CSV string, and a callback that will be used to report the results","     * @param opts Object options object","     * @param data String csv string","     * @param callback Function callback function","     */","    csv2json: function (opts, data, callback) {","        // If a callback wasn't provided, throw an error","        if (!callback) { throw new Error(constants.Errors.callbackRequired); }","","        // Shouldn't happen, but just in case","        if (!opts) { return callback(new Error(constants.Errors.optionsRequired)); }","        options = opts; // Options were passed, set the global options value","","        // If we don't receive data, report an error","        if (!data) { return callback(new Error(constants.Errors.csv2json.cannotCallCsv2JsonOn + data + '.')); }","","        // The data provided is not a string","        if (!_.isString(data)) {","            return callback(new Error(constants.Errors.csv2json.csvNotString)); // Report an error back to the caller","        }","","        // Split the CSV into lines using the specified EOL option","        var lines = data.split(options.DELIMITER.EOL),","            json = convertCSV(lines, callback); // Retrieve the JSON document array","        return callback(null, json); // Send the data back to the caller","    }","","};",""],"l":{"3":1,"7":1,"15":1,"17":0,"18":0,"22":0,"24":0,"36":1,"38":0,"46":1,"48":0,"51":0,"54":0,"55":0,"66":1,"67":0,"68":0,"71":0,"73":0,"76":0,"79":0,"80":0,"83":0,"93":1,"94":0,"98":0,"101":0,"102":0,"103":0,"104":0,"112":1,"114":0,"117":0,"130":0,"132":0,"134":0,"136":0,"139":0,"140":0,"143":0,"144":0,"145":0,"146":0,"150":0,"151":0,"152":0,"153":0,"154":0,"157":0,"158":0,"159":0,"161":0,"162":0,"163":0,"166":0,"169":0,"170":0,"172":0,"174":0,"175":0,"176":0,"178":0,"179":0,"180":0,"181":0,"184":0,"187":0,"190":1,"201":0,"204":0,"205":0,"208":0,"211":0,"212":0,"216":0,"218":0}}}